Using pre-set license
Built from '2020.3/release' branch; Version is '2020.3.27f1 (e759542391ea) revision 15161684'; Using compiler version '192528614'; Build Type 'Release'
OS: 'Windows 10  (10.0.19044) 64bit Education' Language: 'fr' Physical Memory: 8053 MB
BatchMode: 1, IsHumanControllingUs: 0, StartBugReporterOnCrash: 0, Is64bit: 1, IsPro: 0

COMMAND LINE ARGUMENTS:
D:\Unity\Unity 2020.3.27f1\Editor\Unity.exe
-adb2
-batchMode
-noUpm
-name
AssetImportWorker1
-projectPath
D:/GitHub/AITA/AITA/Alice In The Abys.M
-logFile
Logs/AssetImportWorker1.log
-srvPort
52198
Successfully changed project path to: D:/GitHub/AITA/AITA/Alice In The Abys.M
D:/GitHub/AITA/AITA/Alice In The Abys.M
Using Asset Import Pipeline V2.
Refreshing native plugins compatible for Editor in 275.18 ms, found 3 plugins.
Preloading 0 native plugins for Editor in 0.00 ms.
Initialize engine version: 2020.3.27f1 (e759542391ea)
[Subsystems] Discovering subsystems at path D:/Unity/Unity 2020.3.27f1/Editor/Data/Resources/UnitySubsystems
[Subsystems] Discovering subsystems at path D:/GitHub/AITA/AITA/Alice In The Abys.M/Assets
GfxDevice: creating device client; threaded=0
Direct3D:
    Version:  Direct3D 11.0 [level 11.1]
    Renderer: NVIDIA GeForce GTX 970M (ID=0x13d8)
    Vendor:   
    VRAM:     3040 MB
    Driver:   23.21.13.8857
Initialize mono
Mono path[0] = 'D:/Unity/Unity 2020.3.27f1/Editor/Data/Managed'
Mono path[1] = 'D:/Unity/Unity 2020.3.27f1/Editor/Data/MonoBleedingEdge/lib/mono/unityjit'
Mono config path = 'D:/Unity/Unity 2020.3.27f1/Editor/Data/MonoBleedingEdge/etc'
Using monoOptions --debugger-agent=transport=dt_socket,embedding=1,server=y,suspend=n,address=127.0.0.1:56320
Begin MonoManager ReloadAssembly
Registering precompiled unity dll's ...
Register platform support module: D:/Unity/Unity 2020.3.27f1/Editor/Data/PlaybackEngines/WindowsStandaloneSupport/UnityEditor.WindowsStandalone.Extensions.dll
Registered in 0.002349 seconds.
Native extension for WindowsStandalone target not found
Refreshing native plugins compatible for Editor in 250.19 ms, found 3 plugins.
Preloading 0 native plugins for Editor in 0.00 ms.
Mono: successfully reloaded assembly
- Completed reload, in  1.885 seconds
Domain Reload Profiling:
	ReloadAssembly (1887ms)
		BeginReloadAssembly (196ms)
			ExecutionOrderSort (0ms)
			DisableScriptedObjects (0ms)
			BackupInstance (0ms)
			ReleaseScriptingObjects (0ms)
			CreateAndSetChildDomain (2ms)
		EndReloadAssembly (1503ms)
			LoadAssemblies (194ms)
			RebuildTransferFunctionScriptingTraits (0ms)
			SetupTypeCache (457ms)
			ReleaseScriptCaches (0ms)
			RebuildScriptCaches (84ms)
			SetupLoadedEditorAssemblies (648ms)
				LogAssemblyErrors (0ms)
				InitializePlatformSupportModulesInManaged (11ms)
				SetLoadedEditorAssemblies (1ms)
				RefreshPlugins (251ms)
				BeforeProcessingInitializeOnLoad (39ms)
				ProcessInitializeOnLoadAttributes (246ms)
				ProcessInitializeOnLoadMethodAttributes (100ms)
				AfterProcessingInitializeOnLoad (0ms)
				EditorAssembliesLoaded (0ms)
			ExecutionOrderSort2 (0ms)
			AwakeInstancesAfterBackupRestoration (0ms)
Platform modules already initialized, skipping
Registering precompiled user dll's ...
Registered in 0.011973 seconds.
Begin MonoManager ReloadAssembly
Native extension for WindowsStandalone target not found
Refreshing native plugins compatible for Editor in 127.33 ms, found 3 plugins.
Preloading 0 native plugins for Editor in 0.00 ms.
Mono: successfully reloaded assembly
- Completed reload, in  1.750 seconds
Domain Reload Profiling:
	ReloadAssembly (1751ms)
		BeginReloadAssembly (229ms)
			ExecutionOrderSort (0ms)
			DisableScriptedObjects (6ms)
			BackupInstance (0ms)
			ReleaseScriptingObjects (0ms)
			CreateAndSetChildDomain (25ms)
		EndReloadAssembly (1443ms)
			LoadAssemblies (160ms)
			RebuildTransferFunctionScriptingTraits (0ms)
			SetupTypeCache (509ms)
			ReleaseScriptCaches (1ms)
			RebuildScriptCaches (72ms)
			SetupLoadedEditorAssemblies (535ms)
				LogAssemblyErrors (0ms)
				InitializePlatformSupportModulesInManaged (4ms)
				SetLoadedEditorAssemblies (0ms)
				RefreshPlugins (127ms)
				BeforeProcessingInitializeOnLoad (112ms)
				ProcessInitializeOnLoadAttributes (264ms)
				ProcessInitializeOnLoadMethodAttributes (24ms)
				AfterProcessingInitializeOnLoad (3ms)
				EditorAssembliesLoaded (0ms)
			ExecutionOrderSort2 (0ms)
			AwakeInstancesAfterBackupRestoration (9ms)
Platform modules already initialized, skipping
========================================================================
Worker process is ready to serve import requests
Launched and connected shader compiler UnityShaderCompiler.exe after 0.42 seconds
Refreshing native plugins compatible for Editor in 1.28 ms, found 3 plugins.
Preloading 0 native plugins for Editor in 0.00 ms.
Unloading 2287 Unused Serialized files (Serialized files now loaded: 0)
System memory in use before: 102.9 MB.
System memory in use after: 102.9 MB.

Unloading 34 unused Assets to reduce memory usage. Loaded Objects now: 2716.
Total: 4.389800 ms (FindLiveObjects: 0.295500 ms CreateObjectMapping: 0.126200 ms MarkObjects: 3.703800 ms  DeleteObjects: 0.263000 ms)

AssetImportParameters requested are different than current active one (requested -> active):
  custom:framework-win-MediaFoundation: 216162199b28c13a410421893ffa2e32 -> 
  custom:video-decoder-ogg-theora: a1e56fd34408186e4bbccfd4996cb3dc -> 
  custom:container-muxer-webm: aa71ff27fc2769a1b78a27578f13a17b -> 
  custom:container-demuxer-webm: 4f35f7cbe854078d1ac9338744f61a02 -> 
  custom:container-demuxer-ogg: 62fdf1f143b41e24485cea50d1cbac27 -> 
  custom:video-encoder-webm-vp8: eb34c28f22e8b96e1ab97ce403110664 -> 
  custom:video-codec-MediaFoundation-h265: 746d11721c4dcdbdad8f713fa42b33f4 -> 
  custom:video-decoder-webm-vp8: 9c59270c3fd7afecdb556c50c9e8de78 -> 
  custom:audio-decoder-ogg-vorbis: bf7c407c2cedff20999df2af8eb42d56 -> 
  custom:audio-encoder-webm-vorbis: bf7c407c2cedff20999df2af8eb42d56 -> 
========================================================================
Received Import Request.
  path: Assets/Lisa/scenesLisa/npc.unity
  artifactKey: Guid(3a4fa84e012165c4e88c375183cf78d3) Importer(815301076,1909f56bfc062723c751e8b465ee728b)
Start importing Assets/Lisa/scenesLisa/npc.unity using Guid(3a4fa84e012165c4e88c375183cf78d3) Importer(815301076,1909f56bfc062723c751e8b465ee728b)  -> (artifact id: '187807380e0040c03366eb9ebb44d83e') in 0.033864 seconds 
  Import took 0.073974 seconds .

========================================================================
Received Prepare
Refreshing native plugins compatible for Editor in 5.59 ms, found 3 plugins.
Preloading 0 native plugins for Editor in 0.00 ms.
Unloading 22 Unused Serialized files (Serialized files now loaded: 0)
System memory in use before: 57.0 MB.
System memory in use after: 57.0 MB.

Unloading 22 unused Assets to reduce memory usage. Loaded Objects now: 2716.
Total: 5.619200 ms (FindLiveObjects: 0.362400 ms CreateObjectMapping: 0.210900 ms MarkObjects: 4.840000 ms  DeleteObjects: 0.204200 ms)

AssetImportParameters requested are different than current active one (requested -> active):
  custom:framework-win-MediaFoundation: 216162199b28c13a410421893ffa2e32 -> 
  custom:video-decoder-ogg-theora: a1e56fd34408186e4bbccfd4996cb3dc -> 
  custom:container-muxer-webm: aa71ff27fc2769a1b78a27578f13a17b -> 
  custom:container-demuxer-webm: 4f35f7cbe854078d1ac9338744f61a02 -> 
  custom:container-demuxer-ogg: 62fdf1f143b41e24485cea50d1cbac27 -> 
  custom:video-encoder-webm-vp8: eb34c28f22e8b96e1ab97ce403110664 -> 
  custom:video-codec-MediaFoundation-h265: 746d11721c4dcdbdad8f713fa42b33f4 -> 
  custom:video-decoder-webm-vp8: 9c59270c3fd7afecdb556c50c9e8de78 -> 
  custom:audio-decoder-ogg-vorbis: bf7c407c2cedff20999df2af8eb42d56 -> 
  custom:audio-encoder-webm-vorbis: bf7c407c2cedff20999df2af8eb42d56 -> 
========================================================================
Received Prepare
Registering precompiled user dll's ...
Registered in 0.005677 seconds.
Begin MonoManager ReloadAssembly
Native extension for WindowsStandalone target not found
Refreshing native plugins compatible for Editor in 1.72 ms, found 3 plugins.
Preloading 0 native plugins for Editor in 0.00 ms.
Mono: successfully reloaded assembly
- Completed reload, in  1.338 seconds
Domain Reload Profiling:
	ReloadAssembly (1339ms)
		BeginReloadAssembly (159ms)
			ExecutionOrderSort (0ms)
			DisableScriptedObjects (8ms)
			BackupInstance (0ms)
			ReleaseScriptingObjects (0ms)
			CreateAndSetChildDomain (52ms)
		EndReloadAssembly (1109ms)
			LoadAssemblies (135ms)
			RebuildTransferFunctionScriptingTraits (0ms)
			SetupTypeCache (387ms)
			ReleaseScriptCaches (1ms)
			RebuildScriptCaches (51ms)
			SetupLoadedEditorAssemblies (412ms)
				LogAssemblyErrors (0ms)
				InitializePlatformSupportModulesInManaged (6ms)
				SetLoadedEditorAssemblies (2ms)
				RefreshPlugins (2ms)
				BeforeProcessingInitializeOnLoad (137ms)
				ProcessInitializeOnLoadAttributes (248ms)
				ProcessInitializeOnLoadMethodAttributes (14ms)
				AfterProcessingInitializeOnLoad (3ms)
				EditorAssembliesLoaded (0ms)
			ExecutionOrderSort2 (0ms)
			AwakeInstancesAfterBackupRestoration (12ms)
Platform modules already initialized, skipping
Refreshing native plugins compatible for Editor in 1.18 ms, found 3 plugins.
Preloading 0 native plugins for Editor in 0.00 ms.
Unloading 2269 Unused Serialized files (Serialized files now loaded: 0)
System memory in use before: 101.7 MB.
System memory in use after: 101.7 MB.

Unloading 24 unused Assets to reduce memory usage. Loaded Objects now: 2718.
Total: 4.342700 ms (FindLiveObjects: 0.333500 ms CreateObjectMapping: 0.119300 ms MarkObjects: 3.635900 ms  DeleteObjects: 0.252500 ms)

AssetImportParameters requested are different than current active one (requested -> active):
  custom:framework-win-MediaFoundation: 216162199b28c13a410421893ffa2e32 -> 
  custom:video-decoder-ogg-theora: a1e56fd34408186e4bbccfd4996cb3dc -> 
  custom:container-muxer-webm: aa71ff27fc2769a1b78a27578f13a17b -> 
  custom:container-demuxer-webm: 4f35f7cbe854078d1ac9338744f61a02 -> 
  custom:container-demuxer-ogg: 62fdf1f143b41e24485cea50d1cbac27 -> 
  custom:video-encoder-webm-vp8: eb34c28f22e8b96e1ab97ce403110664 -> 
  custom:video-codec-MediaFoundation-h265: 746d11721c4dcdbdad8f713fa42b33f4 -> 
  custom:video-decoder-webm-vp8: 9c59270c3fd7afecdb556c50c9e8de78 -> 
  custom:audio-decoder-ogg-vorbis: bf7c407c2cedff20999df2af8eb42d56 -> 
  custom:audio-encoder-webm-vorbis: bf7c407c2cedff20999df2af8eb42d56 -> 
========================================================================
Received Import Request.
  Time since last request: 678.636489 seconds.
  path: Assets/Scenes/MarieChangeScene.unity
  artifactKey: Guid(41a027787be351d48832f0fee69e6ece) Importer(815301076,1909f56bfc062723c751e8b465ee728b)
Start importing Assets/Scenes/MarieChangeScene.unity using Guid(41a027787be351d48832f0fee69e6ece) Importer(815301076,1909f56bfc062723c751e8b465ee728b)  -> (artifact id: '8517fd8eeabb9e161dbafc3a7a8481f6') in 0.114715 seconds 
  Import took 0.122515 seconds .

========================================================================
Received Prepare
Registering precompiled user dll's ...
Registered in 0.006445 seconds.
Begin MonoManager ReloadAssembly
Native extension for WindowsStandalone target not found
Refreshing native plugins compatible for Editor in 1.14 ms, found 3 plugins.
Preloading 0 native plugins for Editor in 0.00 ms.
Mono: successfully reloaded assembly
- Completed reload, in  1.329 seconds
Domain Reload Profiling:
	ReloadAssembly (1330ms)
		BeginReloadAssembly (146ms)
			ExecutionOrderSort (0ms)
			DisableScriptedObjects (8ms)
			BackupInstance (0ms)
			ReleaseScriptingObjects (0ms)
			CreateAndSetChildDomain (46ms)
		EndReloadAssembly (1115ms)
			LoadAssemblies (129ms)
			RebuildTransferFunctionScriptingTraits (0ms)
			SetupTypeCache (428ms)
			ReleaseScriptCaches (1ms)
			RebuildScriptCaches (54ms)
			SetupLoadedEditorAssemblies (384ms)
				LogAssemblyErrors (0ms)
				InitializePlatformSupportModulesInManaged (6ms)
				SetLoadedEditorAssemblies (1ms)
				RefreshPlugins (1ms)
				BeforeProcessingInitializeOnLoad (118ms)
				ProcessInitializeOnLoadAttributes (238ms)
				ProcessInitializeOnLoadMethodAttributes (16ms)
				AfterProcessingInitializeOnLoad (4ms)
				EditorAssembliesLoaded (0ms)
			ExecutionOrderSort2 (0ms)
			AwakeInstancesAfterBackupRestoration (13ms)
Platform modules already initialized, skipping
Refreshing native plugins compatible for Editor in 1.60 ms, found 3 plugins.
Preloading 0 native plugins for Editor in 0.00 ms.
Unloading 2269 Unused Serialized files (Serialized files now loaded: 0)
System memory in use before: 101.7 MB.
System memory in use after: 101.7 MB.

Unloading 24 unused Assets to reduce memory usage. Loaded Objects now: 2720.
Total: 4.819000 ms (FindLiveObjects: 0.221200 ms CreateObjectMapping: 0.140500 ms MarkObjects: 4.257200 ms  DeleteObjects: 0.197900 ms)

AssetImportParameters requested are different than current active one (requested -> active):
  custom:framework-win-MediaFoundation: 216162199b28c13a410421893ffa2e32 -> 
  custom:video-decoder-ogg-theora: a1e56fd34408186e4bbccfd4996cb3dc -> 
  custom:container-muxer-webm: aa71ff27fc2769a1b78a27578f13a17b -> 
  custom:container-demuxer-webm: 4f35f7cbe854078d1ac9338744f61a02 -> 
  custom:container-demuxer-ogg: 62fdf1f143b41e24485cea50d1cbac27 -> 
  custom:video-encoder-webm-vp8: eb34c28f22e8b96e1ab97ce403110664 -> 
  custom:video-codec-MediaFoundation-h265: 746d11721c4dcdbdad8f713fa42b33f4 -> 
  custom:video-decoder-webm-vp8: 9c59270c3fd7afecdb556c50c9e8de78 -> 
  custom:audio-decoder-ogg-vorbis: bf7c407c2cedff20999df2af8eb42d56 -> 
  custom:audio-encoder-webm-vorbis: bf7c407c2cedff20999df2af8eb42d56 -> 
========================================================================
Received Prepare
Registering precompiled user dll's ...
Registered in 0.005994 seconds.
Begin MonoManager ReloadAssembly
Native extension for WindowsStandalone target not found
Refreshing native plugins compatible for Editor in 1.10 ms, found 3 plugins.
Preloading 0 native plugins for Editor in 0.00 ms.
Mono: successfully reloaded assembly
- Completed reload, in  1.309 seconds
Domain Reload Profiling:
	ReloadAssembly (1309ms)
		BeginReloadAssembly (153ms)
			ExecutionOrderSort (0ms)
			DisableScriptedObjects (9ms)
			BackupInstance (0ms)
			ReleaseScriptingObjects (0ms)
			CreateAndSetChildDomain (46ms)
		EndReloadAssembly (1086ms)
			LoadAssemblies (133ms)
			RebuildTransferFunctionScriptingTraits (0ms)
			SetupTypeCache (390ms)
			ReleaseScriptCaches (1ms)
			RebuildScriptCaches (75ms)
			SetupLoadedEditorAssemblies (374ms)
				LogAssemblyErrors (0ms)
				InitializePlatformSupportModulesInManaged (5ms)
				SetLoadedEditorAssemblies (1ms)
				RefreshPlugins (1ms)
				BeforeProcessingInitializeOnLoad (117ms)
				ProcessInitializeOnLoadAttributes (231ms)
				ProcessInitializeOnLoadMethodAttributes (16ms)
				AfterProcessingInitializeOnLoad (3ms)
				EditorAssembliesLoaded (0ms)
			ExecutionOrderSort2 (0ms)
			AwakeInstancesAfterBackupRestoration (12ms)
Platform modules already initialized, skipping
Refreshing native plugins compatible for Editor in 1.21 ms, found 3 plugins.
Preloading 0 native plugins for Editor in 0.00 ms.
Unloading 2269 Unused Serialized files (Serialized files now loaded: 0)
System memory in use before: 101.7 MB.
System memory in use after: 101.8 MB.

Unloading 24 unused Assets to reduce memory usage. Loaded Objects now: 2722.
Total: 4.780300 ms (FindLiveObjects: 0.244400 ms CreateObjectMapping: 0.119700 ms MarkObjects: 4.160900 ms  DeleteObjects: 0.253900 ms)

AssetImportParameters requested are different than current active one (requested -> active):
  custom:framework-win-MediaFoundation: 216162199b28c13a410421893ffa2e32 -> 
  custom:video-decoder-ogg-theora: a1e56fd34408186e4bbccfd4996cb3dc -> 
  custom:container-muxer-webm: aa71ff27fc2769a1b78a27578f13a17b -> 
  custom:container-demuxer-webm: 4f35f7cbe854078d1ac9338744f61a02 -> 
  custom:container-demuxer-ogg: 62fdf1f143b41e24485cea50d1cbac27 -> 
  custom:video-encoder-webm-vp8: eb34c28f22e8b96e1ab97ce403110664 -> 
  custom:video-codec-MediaFoundation-h265: 746d11721c4dcdbdad8f713fa42b33f4 -> 
  custom:video-decoder-webm-vp8: 9c59270c3fd7afecdb556c50c9e8de78 -> 
  custom:audio-decoder-ogg-vorbis: bf7c407c2cedff20999df2af8eb42d56 -> 
  custom:audio-encoder-webm-vorbis: bf7c407c2cedff20999df2af8eb42d56 -> 
========================================================================
Received Import Request.
  Time since last request: 67.641496 seconds.
  path: Assets/Othmane/Tiles Othmane/Abys_outside/Abys_overworld_64.asset
  artifactKey: Guid(87618216d44101d4daaa095b4197e56a) Importer(815301076,1909f56bfc062723c751e8b465ee728b)
Start importing Assets/Othmane/Tiles Othmane/Abys_outside/Abys_overworld_64.asset using Guid(87618216d44101d4daaa095b4197e56a) Importer(815301076,1909f56bfc062723c751e8b465ee728b)  -> (artifact id: 'b9b124b2ba2c33a270444ad0cb3a7b49') in 0.591084 seconds 
  Import took 0.596781 seconds .

========================================================================
Received Import Request.
  Time since last request: 0.009610 seconds.
  path: Assets/Othmane/Tiles Othmane/Abys_outside/Abys_overworld_267.asset
  artifactKey: Guid(f40e0a8920c636f45aeb8a6f78680e82) Importer(815301076,1909f56bfc062723c751e8b465ee728b)
Start importing Assets/Othmane/Tiles Othmane/Abys_outside/Abys_overworld_267.asset using Guid(f40e0a8920c636f45aeb8a6f78680e82) Importer(815301076,1909f56bfc062723c751e8b465ee728b)  -> (artifact id: '6c554978e8c590a06440a54732d09d82') in 0.023461 seconds 
  Import took 0.027919 seconds .

========================================================================
Received Import Request.
  Time since last request: 0.094205 seconds.
  path: Assets/Othmane/Tiles Othmane/Abys_outside/Abys_overworld_161.asset
  artifactKey: Guid(5e68130ac75d70342a6ed7ebcdf19d35) Importer(815301076,1909f56bfc062723c751e8b465ee728b)
Start importing Assets/Othmane/Tiles Othmane/Abys_outside/Abys_overworld_161.asset using Guid(5e68130ac75d70342a6ed7ebcdf19d35) Importer(815301076,1909f56bfc062723c751e8b465ee728b)  -> (artifact id: '4eacef1655a971c669700b1f9374826b') in 0.176673 seconds 
  Import took 0.182791 seconds .

========================================================================
Received Import Request.
  Time since last request: 0.270184 seconds.
  path: Assets/Othmane/Tiles Othmane/Abys_outside/Abys_overworld_580.asset
  artifactKey: Guid(35fe3241f0f8b044bb75c836d6b6200d) Importer(815301076,1909f56bfc062723c751e8b465ee728b)
Start importing Assets/Othmane/Tiles Othmane/Abys_outside/Abys_overworld_580.asset using Guid(35fe3241f0f8b044bb75c836d6b6200d) Importer(815301076,1909f56bfc062723c751e8b465ee728b)  -> (artifact id: '67572b9ff595396042f64f10595c642a') in 0.017400 seconds 
  Import took 0.023222 seconds .

========================================================================
Received Import Request.
  Time since last request: 0.008784 seconds.
  path: Assets/Othmane/Tiles Othmane/Abys_outside/Abys_overworld_326.asset
  artifactKey: Guid(03ebc0c4aee4d6f408be28fcbe13e42c) Importer(815301076,1909f56bfc062723c751e8b465ee728b)
Start importing Assets/Othmane/Tiles Othmane/Abys_outside/Abys_overworld_326.asset using Guid(03ebc0c4aee4d6f408be28fcbe13e42c) Importer(815301076,1909f56bfc062723c751e8b465ee728b)  -> (artifact id: '931e9e8a8c86fafb6c8c1e9b58931e5d') in 0.037743 seconds 
  Import took 0.043421 seconds .

========================================================================
Received Import Request.
  Time since last request: 0.355340 seconds.
  path: Assets/Scenes/Abys_room1.unity
  artifactKey: Guid(49b2b109959e875478200adab53878a8) Importer(815301076,1909f56bfc062723c751e8b465ee728b)
Start importing Assets/Scenes/Abys_room1.unity using Guid(49b2b109959e875478200adab53878a8) Importer(815301076,1909f56bfc062723c751e8b465ee728b)  -> (artifact id: '88fc470df0dba960b1950cdf4b10352e') in 0.007529 seconds 
  Import took 0.013245 seconds .

========================================================================
Received Import Request.
  Time since last request: 0.076658 seconds.
  path: Assets/Othmane/Tiles Othmane/Abys_outside/Abys_overworld_30.asset
  artifactKey: Guid(0a42f97cd452cfd46b38c80e12358953) Importer(815301076,1909f56bfc062723c751e8b465ee728b)
Start importing Assets/Othmane/Tiles Othmane/Abys_outside/Abys_overworld_30.asset using Guid(0a42f97cd452cfd46b38c80e12358953) Importer(815301076,1909f56bfc062723c751e8b465ee728b)  -> (artifact id: '802d6b66066adda481dfe3f478fbfe9b') in 0.028031 seconds 
  Import took 0.032768 seconds .

========================================================================
Received Import Request.
  Time since last request: 0.035778 seconds.
  path: Assets/Othmane/Tiles Othmane/Abys_outside/Abys_overworld_324.asset
  artifactKey: Guid(e68cb173cbb8bb34aa0c48242205f1f0) Importer(815301076,1909f56bfc062723c751e8b465ee728b)
Start importing Assets/Othmane/Tiles Othmane/Abys_outside/Abys_overworld_324.asset using Guid(e68cb173cbb8bb34aa0c48242205f1f0) Importer(815301076,1909f56bfc062723c751e8b465ee728b)  -> (artifact id: 'f37875f41a526077cf1b54ad74298880') in 0.017477 seconds 
  Import took 0.022102 seconds .

========================================================================
Received Import Request.
  Time since last request: 0.159595 seconds.
  path: Assets/Othmane/Tiles Othmane/Abys_outside/Abys_overworld_63.asset
  artifactKey: Guid(d5e40e4dbbeaa9e43b3b3e03635e0dba) Importer(815301076,1909f56bfc062723c751e8b465ee728b)
Start importing Assets/Othmane/Tiles Othmane/Abys_outside/Abys_overworld_63.asset using Guid(d5e40e4dbbeaa9e43b3b3e03635e0dba) Importer(815301076,1909f56bfc062723c751e8b465ee728b)  -> (artifact id: '31c258ded5c03ec60ca5bde87d9ab775') in 0.019046 seconds 
  Import took 0.023784 seconds .

========================================================================
Received Import Request.
  Time since last request: 0.117151 seconds.
  path: Assets/Othmane/Tiles Othmane/Abys_outside/Abys_overworld_269.asset
  artifactKey: Guid(ce1bffba701b08e489b084bd1b24ecfb) Importer(815301076,1909f56bfc062723c751e8b465ee728b)
Start importing Assets/Othmane/Tiles Othmane/Abys_outside/Abys_overworld_269.asset using Guid(ce1bffba701b08e489b084bd1b24ecfb) Importer(815301076,1909f56bfc062723c751e8b465ee728b)  -> (artifact id: '75354ac0fa52ea5552896a8a7c318648') in 0.017269 seconds 
  Import took 0.023666 seconds .

========================================================================
Received Import Request.
  Time since last request: 0.072040 seconds.
  path: Assets/Othmane/Tiles Othmane/Abys_outside/Abys_overworld_230.asset
  artifactKey: Guid(27990f77158375e4fae4a1cb49cf51d7) Importer(815301076,1909f56bfc062723c751e8b465ee728b)
Start importing Assets/Othmane/Tiles Othmane/Abys_outside/Abys_overworld_230.asset using Guid(27990f77158375e4fae4a1cb49cf51d7) Importer(815301076,1909f56bfc062723c751e8b465ee728b)  -> (artifact id: '27bd467d3ba87e3eafb485e3bd3ab7b3') in 0.019114 seconds 
  Import took 0.024040 seconds .

========================================================================
Received Import Request.
  Time since last request: 0.348270 seconds.
  path: Assets/Lisa/Heart.png
  artifactKey: Guid(98444fdcb6295bd40a27b45099c3adf6) Importer(815301076,1909f56bfc062723c751e8b465ee728b)
Start importing Assets/Lisa/Heart.png using Guid(98444fdcb6295bd40a27b45099c3adf6) Importer(815301076,1909f56bfc062723c751e8b465ee728b)  -> (artifact id: '57c8ee145d710fd27d2096f5bf802fb7') in 0.316600 seconds 
  Import took 0.321431 seconds .

========================================================================
Received Import Request.
  Time since last request: 0.162944 seconds.
  path: Assets/Othmane/Tiles Othmane/Abys_outside/Abys_overworld_229.asset
  artifactKey: Guid(bb95e65bcd347d347aed14099944aca6) Importer(815301076,1909f56bfc062723c751e8b465ee728b)
Start importing Assets/Othmane/Tiles Othmane/Abys_outside/Abys_overworld_229.asset using Guid(bb95e65bcd347d347aed14099944aca6) Importer(815301076,1909f56bfc062723c751e8b465ee728b)  -> (artifact id: 'b3cfb40ba06fc088a61041a4692f41e8') in 0.019974 seconds 
  Import took 0.025553 seconds .

========================================================================
Received Import Request.
  Time since last request: 0.048205 seconds.
  path: Assets/Othmane/Tiles Othmane/Abys_outside/Abys_overworld_34.asset
  artifactKey: Guid(de748fc5528397a4fb2502a34d10ee35) Importer(815301076,1909f56bfc062723c751e8b465ee728b)
Start importing Assets/Othmane/Tiles Othmane/Abys_outside/Abys_overworld_34.asset using Guid(de748fc5528397a4fb2502a34d10ee35) Importer(815301076,1909f56bfc062723c751e8b465ee728b)  -> (artifact id: '8bc5a6118050009f6f08a04068f5ab73') in 0.033342 seconds 
  Import took 0.038037 seconds .

========================================================================
Received Import Request.
  Time since last request: 0.057632 seconds.
  path: Assets/Othmane/Tiles Othmane/Abys_outside/Abys_overworld_97.asset
  artifactKey: Guid(4f8e1b9211a89104e89e74f64b552058) Importer(815301076,1909f56bfc062723c751e8b465ee728b)
Start importing Assets/Othmane/Tiles Othmane/Abys_outside/Abys_overworld_97.asset using Guid(4f8e1b9211a89104e89e74f64b552058) Importer(815301076,1909f56bfc062723c751e8b465ee728b)  -> (artifact id: '3ae588e703645f7a32932a232f894eea') in 0.034795 seconds 
  Import took 0.041331 seconds .

========================================================================
Received Import Request.
  Time since last request: 1.396600 seconds.
  path: Assets/Lisa/NPC lapin 2.prefab
  artifactKey: Guid(01ce3f49eaabd134a854736d0b469ddb) Importer(815301076,1909f56bfc062723c751e8b465ee728b)
Start importing Assets/Lisa/NPC lapin 2.prefab using Guid(01ce3f49eaabd134a854736d0b469ddb) Importer(815301076,1909f56bfc062723c751e8b465ee728b)  -> (artifact id: '2c4ba07b2aa6ec1cdeb8d5a7f9aed609') in 0.178056 seconds 
  Import took 0.183604 seconds .

========================================================================
Received Import Request.
  Time since last request: 0.995596 seconds.
  path: Assets/Othmane/Tiles Othmane/Abys_outside/Abys_overworld_199.asset
  artifactKey: Guid(43b93a8b638a1c24b9b3bdc6c8ab99a7) Importer(815301076,1909f56bfc062723c751e8b465ee728b)
Start importing Assets/Othmane/Tiles Othmane/Abys_outside/Abys_overworld_199.asset using Guid(43b93a8b638a1c24b9b3bdc6c8ab99a7) Importer(815301076,1909f56bfc062723c751e8b465ee728b)  -> (artifact id: '1f9823122d6d3b06755fc11e767bbfda') in 0.032372 seconds 
  Import took 0.037019 seconds .

========================================================================
Received Import Request.
  Time since last request: 0.106882 seconds.
  path: Assets/Othmane/Scripts Othmane/Collidable.cs
  artifactKey: Guid(14a8a1f6ca85c654b9facd3283ed4938) Importer(815301076,1909f56bfc062723c751e8b465ee728b)
Start importing Assets/Othmane/Scripts Othmane/Collidable.cs using Guid(14a8a1f6ca85c654b9facd3283ed4938) Importer(815301076,1909f56bfc062723c751e8b465ee728b)  -> (artifact id: '1c6290423df0617eef4e04adbaac9da1') in 0.047350 seconds 
  Import took 0.052018 seconds .

========================================================================
Received Import Request.
  Time since last request: 0.176146 seconds.
  path: Assets/Othmane/Tiles Othmane/Abys_outside/Abys_overworld_29.asset
  artifactKey: Guid(20ce6e818d67b21449ff0653a2bbba25) Importer(815301076,1909f56bfc062723c751e8b465ee728b)
Start importing Assets/Othmane/Tiles Othmane/Abys_outside/Abys_overworld_29.asset using Guid(20ce6e818d67b21449ff0653a2bbba25) Importer(815301076,1909f56bfc062723c751e8b465ee728b)  -> (artifact id: '71a1646eb8e5da275a038e39d8ed145a') in 0.092415 seconds 
  Import took 0.097916 seconds .

========================================================================
Received Import Request.
  Time since last request: 0.205042 seconds.
  path: Assets/Othmane/Tilesets Othmane/Abys_overworld.png
  artifactKey: Guid(f3e2223ff0cb05541a7881c6491e8fab) Importer(815301076,1909f56bfc062723c751e8b465ee728b)
Start importing Assets/Othmane/Tilesets Othmane/Abys_overworld.png using Guid(f3e2223ff0cb05541a7881c6491e8fab) Importer(815301076,1909f56bfc062723c751e8b465ee728b)  -> (artifact id: '9e92dc54d46819a904fd6225a3fef04c') in 2.451108 seconds 
  Import took 2.459124 seconds .

========================================================================
Received Import Request.
  Time since last request: 0.432305 seconds.
  path: Assets/Othmane/Tiles Othmane/Abys_outside/Abys_overworld_383.asset
  artifactKey: Guid(0974d3de9efc54a49bc6b379c8c63a7f) Importer(815301076,1909f56bfc062723c751e8b465ee728b)
Start importing Assets/Othmane/Tiles Othmane/Abys_outside/Abys_overworld_383.asset using Guid(0974d3de9efc54a49bc6b379c8c63a7f) Importer(815301076,1909f56bfc062723c751e8b465ee728b)  -> (artifact id: '11dcbca764e218aae885af3adf0dc23f') in 0.028892 seconds 
  Import took 0.036017 seconds .

========================================================================
Received Import Request.
  Time since last request: 0.009787 seconds.
  path: Assets/Othmane/Tiles Othmane/Abys_outside/Abys_overworld_262.asset
  artifactKey: Guid(d9fb54fabaacdc941be26b24def94668) Importer(815301076,1909f56bfc062723c751e8b465ee728b)
Start importing Assets/Othmane/Tiles Othmane/Abys_outside/Abys_overworld_262.asset using Guid(d9fb54fabaacdc941be26b24def94668) Importer(815301076,1909f56bfc062723c751e8b465ee728b)  -> (artifact id: 'ac25f9a200eedb3bd800a7d09b390ce4') in 0.018370 seconds 
  Import took 0.023982 seconds .

========================================================================
Received Import Request.
  Time since last request: 0.021853 seconds.
  path: Assets/Othmane/Tiles Othmane/Abys_outside/Abys_overworld_549.asset
  artifactKey: Guid(95c37480b1fc9b84285ce2f56c9f292d) Importer(815301076,1909f56bfc062723c751e8b465ee728b)
Start importing Assets/Othmane/Tiles Othmane/Abys_outside/Abys_overworld_549.asset using Guid(95c37480b1fc9b84285ce2f56c9f292d) Importer(815301076,1909f56bfc062723c751e8b465ee728b)  -> (artifact id: 'c08566b10086c0ba95b2a7d875edb776') in 0.016675 seconds 
  Import took 0.021723 seconds .

========================================================================
Received Import Request.
  Time since last request: 0.045415 seconds.
  path: Assets/Othmane/Tiles Othmane/Abys_outside/Abys_overworld_299.asset
  artifactKey: Guid(e53e2af5bfacebc4e95791796c6dc8df) Importer(815301076,1909f56bfc062723c751e8b465ee728b)
Start importing Assets/Othmane/Tiles Othmane/Abys_outside/Abys_overworld_299.asset using Guid(e53e2af5bfacebc4e95791796c6dc8df) Importer(815301076,1909f56bfc062723c751e8b465ee728b)  -> (artifact id: '48e61bd2ff8f0c82b34a9e62e8569d01') in 0.018471 seconds 
  Import took 0.023085 seconds .

========================================================================
Received Import Request.
  Time since last request: 0.080001 seconds.
  path: Assets/Lisa/sword1.png
  artifactKey: Guid(167ca005b22a4e34a83f4f509882524a) Importer(815301076,1909f56bfc062723c751e8b465ee728b)
Start importing Assets/Lisa/sword1.png using Guid(167ca005b22a4e34a83f4f509882524a) Importer(815301076,1909f56bfc062723c751e8b465ee728b)  -> (artifact id: 'd2277e5216ba96407927870ce7e7974d') in 0.019434 seconds 
  Import took 0.024399 seconds .

========================================================================
Received Import Request.
  Time since last request: 0.025974 seconds.
  path: Assets/Scenes/Scenes Othmane
  artifactKey: Guid(92ca0babae76be947bd92bca5cbfbb79) Importer(815301076,1909f56bfc062723c751e8b465ee728b)
Start importing Assets/Scenes/Scenes Othmane using Guid(92ca0babae76be947bd92bca5cbfbb79) Importer(815301076,1909f56bfc062723c751e8b465ee728b)  -> (artifact id: '1f1daed2e538d612a275dd80845d7a27') in 0.006298 seconds 
  Import took 0.011385 seconds .

========================================================================
Received Import Request.
  Time since last request: 0.067031 seconds.
  path: Assets/Scenes/Scenes Othmane/First_village_scene.unity
  artifactKey: Guid(0a340fbbe72f6ae418fdfe1a19bdff3e) Importer(815301076,1909f56bfc062723c751e8b465ee728b)
Start importing Assets/Scenes/Scenes Othmane/First_village_scene.unity using Guid(0a340fbbe72f6ae418fdfe1a19bdff3e) Importer(815301076,1909f56bfc062723c751e8b465ee728b)  -> (artifact id: 'f8f8d4037ed807cdfa9d9cd0e596573e') in 0.006866 seconds 
  Import took 0.012650 seconds .

========================================================================
Received Import Request.
  Time since last request: 0.151241 seconds.
  path: Assets/Lisa/healthbar.png
  artifactKey: Guid(6550d2ea6dc6f1f4e8f500440c360106) Importer(815301076,1909f56bfc062723c751e8b465ee728b)
Start importing Assets/Lisa/healthbar.png using Guid(6550d2ea6dc6f1f4e8f500440c360106) Importer(815301076,1909f56bfc062723c751e8b465ee728b)  -> (artifact id: 'b8cbb0785ef68578bb362543e11ee47e') in 0.022850 seconds 
  Import took 0.028233 seconds .

========================================================================
Received Import Request.
  Time since last request: 0.086335 seconds.
  path: Assets/Lisa/scriptsLisa/script IA/IA.cs
  artifactKey: Guid(92c80b3f1727e8642812b26dbf08a255) Importer(815301076,1909f56bfc062723c751e8b465ee728b)
Start importing Assets/Lisa/scriptsLisa/script IA/IA.cs using Guid(92c80b3f1727e8642812b26dbf08a255) Importer(815301076,1909f56bfc062723c751e8b465ee728b)  -> (artifact id: '980ef622015c36eea02f1e16dbec928b') in 0.006519 seconds 
  Import took 0.012317 seconds .

========================================================================
Received Import Request.
  Time since last request: 0.040132 seconds.
  path: Assets/Othmane/Tiles Othmane/Abys_outside/Abys_overworld_606.asset
  artifactKey: Guid(6ea8bbbebfe63274a94362e223b02966) Importer(815301076,1909f56bfc062723c751e8b465ee728b)
Start importing Assets/Othmane/Tiles Othmane/Abys_outside/Abys_overworld_606.asset using Guid(6ea8bbbebfe63274a94362e223b02966) Importer(815301076,1909f56bfc062723c751e8b465ee728b)  -> (artifact id: '2dc2322dcf46620eaa52e692cf33b635') in 0.018607 seconds 
  Import took 0.023675 seconds .

========================================================================
Received Import Request.
  Time since last request: 0.125703 seconds.
  path: Assets/Othmane/Tiles Othmane/Abys_outside/Abys_overworld_235.asset
  artifactKey: Guid(e4f0e43e1277e314384958f2828ff4a2) Importer(815301076,1909f56bfc062723c751e8b465ee728b)
Start importing Assets/Othmane/Tiles Othmane/Abys_outside/Abys_overworld_235.asset using Guid(e4f0e43e1277e314384958f2828ff4a2) Importer(815301076,1909f56bfc062723c751e8b465ee728b)  -> (artifact id: 'c86bbc3ccdc0cac0e4feaa95f4c668b4') in 0.018877 seconds 
  Import took 0.024239 seconds .

========================================================================
Received Import Request.
  Time since last request: 0.134662 seconds.
  path: Assets/Spritesheet/Human_1_Sprite.png
  artifactKey: Guid(4fecd2bbac64fec4fbb7175243175297) Importer(815301076,1909f56bfc062723c751e8b465ee728b)
Start importing Assets/Spritesheet/Human_1_Sprite.png using Guid(4fecd2bbac64fec4fbb7175243175297) Importer(815301076,1909f56bfc062723c751e8b465ee728b)  -> (artifact id: 'c6d36d7dfb9a6b0000bc671efdc46d2f') in 0.074467 seconds 
  Import took 0.079655 seconds .

========================================================================
Received Import Request.
  Time since last request: 0.336288 seconds.
  path: Assets/Othmane/Tiles Othmane/Abys_outside/Abys_overworld_130.asset
  artifactKey: Guid(a456c1ad03cff0b4e806460699e290fe) Importer(815301076,1909f56bfc062723c751e8b465ee728b)
Start importing Assets/Othmane/Tiles Othmane/Abys_outside/Abys_overworld_130.asset using Guid(a456c1ad03cff0b4e806460699e290fe) Importer(815301076,1909f56bfc062723c751e8b465ee728b)  -> (artifact id: 'c4b701674c56edf3ec7914381415d3eb') in 0.019829 seconds 
  Import took 0.024758 seconds .

========================================================================
Received Import Request.
  Time since last request: 0.068460 seconds.
  path: Assets/Lisa/scriptsLisa/HealthBar.cs
  artifactKey: Guid(7e79bc5c0fb1193468965f9233b59633) Importer(815301076,1909f56bfc062723c751e8b465ee728b)
Start importing Assets/Lisa/scriptsLisa/HealthBar.cs using Guid(7e79bc5c0fb1193468965f9233b59633) Importer(815301076,1909f56bfc062723c751e8b465ee728b)  -> (artifact id: '0154c026d1d2cef7683e8aee57328359') in 0.007312 seconds 
  Import took 0.011913 seconds .

========================================================================
Received Import Request.
  Time since last request: 0.008480 seconds.
  path: Assets/Othmane/Tiles Othmane/Abys_outside/Abys_overworld_293.asset
  artifactKey: Guid(e1f602dc980c6f54a87f3823b2a98455) Importer(815301076,1909f56bfc062723c751e8b465ee728b)
Start importing Assets/Othmane/Tiles Othmane/Abys_outside/Abys_overworld_293.asset using Guid(e1f602dc980c6f54a87f3823b2a98455) Importer(815301076,1909f56bfc062723c751e8b465ee728b)  -> (artifact id: '57b51afc026b1bc2f8d9445b062ec99e') in 0.019454 seconds 
  Import took 0.024222 seconds .

========================================================================
Received Import Request.
  Time since last request: 0.064984 seconds.
  path: Assets/Lisa/scriptsLisa/script NPC/DialogueTrigger.cs
  artifactKey: Guid(cc5fe70b89a9e784c9cbed74d7da159e) Importer(815301076,1909f56bfc062723c751e8b465ee728b)
Start importing Assets/Lisa/scriptsLisa/script NPC/DialogueTrigger.cs using Guid(cc5fe70b89a9e784c9cbed74d7da159e) Importer(815301076,1909f56bfc062723c751e8b465ee728b)  -> (artifact id: '4e88c410f2e686f6700251be732b2bc2') in 0.007173 seconds 
  Import took 0.011853 seconds .

========================================================================
Received Import Request.
  Time since last request: 0.107485 seconds.
  path: Assets/Othmane/Tiles Othmane/Abys_outside/Abys_overworld_325.asset
  artifactKey: Guid(e9a1a25eb4169854ea69ad8ea1adb411) Importer(815301076,1909f56bfc062723c751e8b465ee728b)
Start importing Assets/Othmane/Tiles Othmane/Abys_outside/Abys_overworld_325.asset using Guid(e9a1a25eb4169854ea69ad8ea1adb411) Importer(815301076,1909f56bfc062723c751e8b465ee728b)  -> (artifact id: '588487aabc16e0d0f14d6e5af3cb08cb') in 0.018452 seconds 
  Import took 0.023151 seconds .

========================================================================
Received Import Request.
  Time since last request: 0.122909 seconds.
  path: Assets/Othmane/Tiles Othmane/Abys_outside/Abys_overworld_16.asset
  artifactKey: Guid(49e3aeb57211b544ba27dac6d3491467) Importer(815301076,1909f56bfc062723c751e8b465ee728b)
Start importing Assets/Othmane/Tiles Othmane/Abys_outside/Abys_overworld_16.asset using Guid(49e3aeb57211b544ba27dac6d3491467) Importer(815301076,1909f56bfc062723c751e8b465ee728b)  -> (artifact id: 'dd4654564e3df78cbbc2b034ff04b830') in 0.032990 seconds 
  Import took 0.037700 seconds .

========================================================================
Received Import Request.
  Time since last request: 0.150071 seconds.
  path: Assets/Lisa/sprite lapin/sprite lapin.png
  artifactKey: Guid(d383b351b8d08694697b4685a51165ca) Importer(815301076,1909f56bfc062723c751e8b465ee728b)
Start importing Assets/Lisa/sprite lapin/sprite lapin.png using Guid(d383b351b8d08694697b4685a51165ca) Importer(815301076,1909f56bfc062723c751e8b465ee728b)  -> (artifact id: '3a2e78dbe6dcd7543602042e14dd7b44') in 0.073851 seconds 
  Import took 0.080615 seconds .

========================================================================
Received Import Request.
  Time since last request: 0.208674 seconds.
  path: Assets/Othmane/Tiles Othmane/Abys_outside/Abys_overworld_70.asset
  artifactKey: Guid(160509224730f2948aa38aa9d8b8f2ab) Importer(815301076,1909f56bfc062723c751e8b465ee728b)
Start importing Assets/Othmane/Tiles Othmane/Abys_outside/Abys_overworld_70.asset using Guid(160509224730f2948aa38aa9d8b8f2ab) Importer(815301076,1909f56bfc062723c751e8b465ee728b)  -> (artifact id: '98dff3ede3819a9a148623c10856db0e') in 0.017738 seconds 
  Import took 0.022364 seconds .

========================================================================
Received Import Request.
  Time since last request: 0.143581 seconds.
  path: Assets/Othmane/Tiles Othmane/Abys_outside/Abys_overworld_138.asset
  artifactKey: Guid(eb02a1f6bb1ee96458b96c07476fcc8d) Importer(815301076,1909f56bfc062723c751e8b465ee728b)
Start importing Assets/Othmane/Tiles Othmane/Abys_outside/Abys_overworld_138.asset using Guid(eb02a1f6bb1ee96458b96c07476fcc8d) Importer(815301076,1909f56bfc062723c751e8b465ee728b)  -> (artifact id: '07827fe535ba4438c6154e2c7bcb1eb7') in 0.017781 seconds 
  Import took 0.023316 seconds .

========================================================================
Received Import Request.
  Time since last request: 0.533255 seconds.
  path: Assets/Othmane/Tiles Othmane/Abys_outside/Abys_overworld_61.asset
  artifactKey: Guid(08321db7fc8e58e4c96e3af21f661877) Importer(815301076,1909f56bfc062723c751e8b465ee728b)
Start importing Assets/Othmane/Tiles Othmane/Abys_outside/Abys_overworld_61.asset using Guid(08321db7fc8e58e4c96e3af21f661877) Importer(815301076,1909f56bfc062723c751e8b465ee728b)  -> (artifact id: '5d6342a990d9d039df7f224d470bd54c') in 0.016886 seconds 
  Import took 0.021702 seconds .

========================================================================
Received Import Request.
  Time since last request: 0.030703 seconds.
  path: Assets/Othmane/Tiles Othmane/Abys_outside/Abys_overworld_551.asset
  artifactKey: Guid(5d47ca07c4b97b040bc971dea905e538) Importer(815301076,1909f56bfc062723c751e8b465ee728b)
Start importing Assets/Othmane/Tiles Othmane/Abys_outside/Abys_overworld_551.asset using Guid(5d47ca07c4b97b040bc971dea905e538) Importer(815301076,1909f56bfc062723c751e8b465ee728b)  -> (artifact id: '5133b25239bfe6c9a2b1b78ac0945663') in 0.018065 seconds 
  Import took 0.024101 seconds .

========================================================================
Received Import Request.
  Time since last request: 0.112478 seconds.
  path: Assets/Othmane/Tiles Othmane/Abys_outside/Abys_overworld_268.asset
  artifactKey: Guid(e561659e27a08b64ba4ed66419398f35) Importer(815301076,1909f56bfc062723c751e8b465ee728b)
Start importing Assets/Othmane/Tiles Othmane/Abys_outside/Abys_overworld_268.asset using Guid(e561659e27a08b64ba4ed66419398f35) Importer(815301076,1909f56bfc062723c751e8b465ee728b)  -> (artifact id: '667b2fd3c97fcb81af9ea7d240a83bfd') in 0.017864 seconds 
  Import took 0.022794 seconds .

========================================================================
Received Import Request.
  Time since last request: 0.167846 seconds.
  path: Assets/Othmane/Tiles Othmane/Abys_outside/Abys_overworld_614.asset
  artifactKey: Guid(e85fb7f3bd4f8dc4488d1724b912302a) Importer(815301076,1909f56bfc062723c751e8b465ee728b)
Start importing Assets/Othmane/Tiles Othmane/Abys_outside/Abys_overworld_614.asset using Guid(e85fb7f3bd4f8dc4488d1724b912302a) Importer(815301076,1909f56bfc062723c751e8b465ee728b)  -> (artifact id: 'c123eace2501ad1d2149f50420c8bc3e') in 0.018805 seconds 
  Import took 0.023824 seconds .

========================================================================
Received Import Request.
  Time since last request: 0.101871 seconds.
  path: Assets/Othmane/Tiles Othmane/Abys_outside/Abys_overworld_329.asset
  artifactKey: Guid(629d98d3433bb5c48bcf5118cf815bae) Importer(815301076,1909f56bfc062723c751e8b465ee728b)
Start importing Assets/Othmane/Tiles Othmane/Abys_outside/Abys_overworld_329.asset using Guid(629d98d3433bb5c48bcf5118cf815bae) Importer(815301076,1909f56bfc062723c751e8b465ee728b)  -> (artifact id: '8cfb5e7399e3c8ec8f01484a9a2cfa92') in 0.018446 seconds 
  Import took 0.025085 seconds .

========================================================================
Received Import Request.
  Time since last request: 0.028045 seconds.
  path: Assets/Lisa/scriptsLisa/script NPC/DialogueBox_close.anim
  artifactKey: Guid(15a6f74d9c0b765469f552edfd1ab237) Importer(815301076,1909f56bfc062723c751e8b465ee728b)
Start importing Assets/Lisa/scriptsLisa/script NPC/DialogueBox_close.anim using Guid(15a6f74d9c0b765469f552edfd1ab237) Importer(815301076,1909f56bfc062723c751e8b465ee728b)  -> (artifact id: 'a62893035d6f188b5ad24322c58b21f8') in 0.031847 seconds 
  Import took 0.037414 seconds .

========================================================================
Received Import Request.
  Time since last request: 0.098336 seconds.
  path: Assets/Othmane/Spritesheet Othmane/Dog_sprite.png
  artifactKey: Guid(050076d9f5ca7ee419f1cef05c8a4a67) Importer(815301076,1909f56bfc062723c751e8b465ee728b)
Start importing Assets/Othmane/Spritesheet Othmane/Dog_sprite.png using Guid(050076d9f5ca7ee419f1cef05c8a4a67) Importer(815301076,1909f56bfc062723c751e8b465ee728b)  -> (artifact id: 'dbc5ff49204c9b43b82c36dd5480aa1e') in 0.079898 seconds 
  Import took 0.084826 seconds .

========================================================================
Received Import Request.
  Time since last request: 0.056802 seconds.
  path: Assets/Othmane/Tiles Othmane/Abys_outside/Abys_overworld_39.asset
  artifactKey: Guid(c8fa2e5009e9baa43bcdca6248d08a4c) Importer(815301076,1909f56bfc062723c751e8b465ee728b)
Start importing Assets/Othmane/Tiles Othmane/Abys_outside/Abys_overworld_39.asset using Guid(c8fa2e5009e9baa43bcdca6248d08a4c) Importer(815301076,1909f56bfc062723c751e8b465ee728b)  -> (artifact id: 'e1eb6caa6453d6ce1011495c7bf4df56') in 0.019940 seconds 
  Import took 0.025195 seconds .

========================================================================
Received Import Request.
  Time since last request: 0.319804 seconds.
  path: Assets/Othmane/Tiles Othmane/Abys_outside/Abys_overworld_96.asset
  artifactKey: Guid(795e795edeb426c418bac9485764d4b9) Importer(815301076,1909f56bfc062723c751e8b465ee728b)
Start importing Assets/Othmane/Tiles Othmane/Abys_outside/Abys_overworld_96.asset using Guid(795e795edeb426c418bac9485764d4b9) Importer(815301076,1909f56bfc062723c751e8b465ee728b)  -> (artifact id: '0249a209b42bcee81b2813594ec3f1e8') in 0.017676 seconds 
  Import took 0.022249 seconds .

========================================================================
Received Import Request.
  Time since last request: 0.057713 seconds.
  path: Assets/Othmane/Tiles Othmane/Abys_outside/Abys_overworld_608.asset
  artifactKey: Guid(074b3b8ab188aa94e9ba18ec834defed) Importer(815301076,1909f56bfc062723c751e8b465ee728b)
Start importing Assets/Othmane/Tiles Othmane/Abys_outside/Abys_overworld_608.asset using Guid(074b3b8ab188aa94e9ba18ec834defed) Importer(815301076,1909f56bfc062723c751e8b465ee728b)  -> (artifact id: '1c721b4319ba494309522c9f6d61125d') in 0.018945 seconds 
  Import took 0.023634 seconds .

========================================================================
Received Import Request.
  Time since last request: 0.017415 seconds.
  path: Assets/Othmane/Tiles Othmane/Abys_outside/Abys_overworld_31.asset
  artifactKey: Guid(8781242e3472a3240a9eba5ff109f53f) Importer(815301076,1909f56bfc062723c751e8b465ee728b)
Start importing Assets/Othmane/Tiles Othmane/Abys_outside/Abys_overworld_31.asset using Guid(8781242e3472a3240a9eba5ff109f53f) Importer(815301076,1909f56bfc062723c751e8b465ee728b)  -> (artifact id: '7a0b932423916d7c309963273599c774') in 0.017995 seconds 
  Import took 0.023337 seconds .

========================================================================
Received Import Request.
  Time since last request: 0.401232 seconds.
  path: Assets/Lisa/scriptsLisa/script NPC/dialogue UI.controller
  artifactKey: Guid(271f2e540a8f0d74c9c3ae1b57702b93) Importer(815301076,1909f56bfc062723c751e8b465ee728b)
Start importing Assets/Lisa/scriptsLisa/script NPC/dialogue UI.controller using Guid(271f2e540a8f0d74c9c3ae1b57702b93) Importer(815301076,1909f56bfc062723c751e8b465ee728b)  -> (artifact id: '2603af3798976545aea3402fe20b75a1') in 0.014664 seconds 
  Import took 0.031839 seconds .

========================================================================
Received Import Request.
  Time since last request: 0.134315 seconds.
  path: Assets/Othmane/Tiles Othmane/Abys_outside/Abys_overworld_605.asset
  artifactKey: Guid(1bd84133b05a577499cc56120a3f94be) Importer(815301076,1909f56bfc062723c751e8b465ee728b)
Start importing Assets/Othmane/Tiles Othmane/Abys_outside/Abys_overworld_605.asset using Guid(1bd84133b05a577499cc56120a3f94be) Importer(815301076,1909f56bfc062723c751e8b465ee728b)  -> (artifact id: '96840989184564a8775f27f15075eebe') in 0.019186 seconds 
  Import took 0.024235 seconds .

========================================================================
Received Import Request.
  Time since last request: 0.094507 seconds.
  path: Assets/Othmane/Tiles Othmane/Abys_outside/Abys_overworld_297.asset
  artifactKey: Guid(be80ddbbed9262c4b8ced54f8cf9e410) Importer(815301076,1909f56bfc062723c751e8b465ee728b)
Start importing Assets/Othmane/Tiles Othmane/Abys_outside/Abys_overworld_297.asset using Guid(be80ddbbed9262c4b8ced54f8cf9e410) Importer(815301076,1909f56bfc062723c751e8b465ee728b)  -> (artifact id: '4516a9d38f2d642bd87d3a1e117d4095') in 0.017916 seconds 
  Import took 0.023299 seconds .

========================================================================
Received Import Request.
  Time since last request: 0.076917 seconds.
  path: Assets/Lisa/scriptsLisa/script IA/Enemy.cs
  artifactKey: Guid(933c1c5200062b74eb82d791e6138151) Importer(815301076,1909f56bfc062723c751e8b465ee728b)
Start importing Assets/Lisa/scriptsLisa/script IA/Enemy.cs using Guid(933c1c5200062b74eb82d791e6138151) Importer(815301076,1909f56bfc062723c751e8b465ee728b)  -> (artifact id: '89b17aac0606540dd83710d25ce8d0ff') in 0.006412 seconds 
  Import took 0.011640 seconds .

========================================================================
Received Import Request.
  Time since last request: 0.139674 seconds.
  path: Assets/Othmane/Tiles Othmane/Abys_outside/Abys_overworld_263.asset
  artifactKey: Guid(a7d1cb84bed7e2d4db940edb4a819979) Importer(815301076,1909f56bfc062723c751e8b465ee728b)
Start importing Assets/Othmane/Tiles Othmane/Abys_outside/Abys_overworld_263.asset using Guid(a7d1cb84bed7e2d4db940edb4a819979) Importer(815301076,1909f56bfc062723c751e8b465ee728b)  -> (artifact id: '4079ffc7bf864e550599d2b000960293') in 0.017160 seconds 
  Import took 0.022622 seconds .

========================================================================
Received Import Request.
  Time since last request: 0.039245 seconds.
  path: Assets/Othmane/Tiles Othmane/Abys_outside/Abys_overworld_45.asset
  artifactKey: Guid(2888136a0ac5d5e49b0520372fa43a7c) Importer(815301076,1909f56bfc062723c751e8b465ee728b)
Start importing Assets/Othmane/Tiles Othmane/Abys_outside/Abys_overworld_45.asset using Guid(2888136a0ac5d5e49b0520372fa43a7c) Importer(815301076,1909f56bfc062723c751e8b465ee728b)  -> (artifact id: '1f7f84c9420560fc8713bf223b5c372e') in 0.017414 seconds 
  Import took 0.022075 seconds .

========================================================================
Received Import Request.
  Time since last request: 0.009079 seconds.
  path: Assets/Othmane/Tiles Othmane/Abys_outside/Abys_overworld_599.asset
  artifactKey: Guid(f29e75fffc29d224cb97e32187a8c244) Importer(815301076,1909f56bfc062723c751e8b465ee728b)
Start importing Assets/Othmane/Tiles Othmane/Abys_outside/Abys_overworld_599.asset using Guid(f29e75fffc29d224cb97e32187a8c244) Importer(815301076,1909f56bfc062723c751e8b465ee728b)  -> (artifact id: '214a3623f0c8e91afbe51c254b3ae08e') in 0.020464 seconds 
  Import took 0.025060 seconds .

========================================================================
Received Import Request.
  Time since last request: 0.039742 seconds.
  path: Assets/Othmane/Tiles Othmane/Abys_outside/Abys_overworld_104.asset
  artifactKey: Guid(feff284a7afb70c478adc255e2ac42d7) Importer(815301076,1909f56bfc062723c751e8b465ee728b)
Start importing Assets/Othmane/Tiles Othmane/Abys_outside/Abys_overworld_104.asset using Guid(feff284a7afb70c478adc255e2ac42d7) Importer(815301076,1909f56bfc062723c751e8b465ee728b)  -> (artifact id: '75cb56260847503121ec07a61938f7a6') in 0.017365 seconds 
  Import took 0.022326 seconds .

========================================================================
Received Import Request.
  Time since last request: 0.185157 seconds.
  path: Assets/Othmane/Tiles Othmane/Abys_outside/Abys_overworld_71.asset
  artifactKey: Guid(637075d6d71411743926f5bffb7527bd) Importer(815301076,1909f56bfc062723c751e8b465ee728b)
Start importing Assets/Othmane/Tiles Othmane/Abys_outside/Abys_overworld_71.asset using Guid(637075d6d71411743926f5bffb7527bd) Importer(815301076,1909f56bfc062723c751e8b465ee728b)  -> (artifact id: 'd1822f9d26d801b37be1db53524d4c4c') in 0.035803 seconds 
  Import took 0.040410 seconds .

========================================================================
Received Import Request.
  Time since last request: 0.132016 seconds.
  path: Assets/Script/Dplacement/CharacterController2D.cs
  artifactKey: Guid(83c8d37d500664cd589dc84f2feadcf3) Importer(815301076,1909f56bfc062723c751e8b465ee728b)
Start importing Assets/Script/Dplacement/CharacterController2D.cs using Guid(83c8d37d500664cd589dc84f2feadcf3) Importer(815301076,1909f56bfc062723c751e8b465ee728b)  -> (artifact id: '058841d4493ff5132a0167a76bc764f4') in 0.008221 seconds 
  Import took 0.013600 seconds .

========================================================================
Received Import Request.
  Time since last request: 0.060810 seconds.
  path: Assets/Lisa/scriptsLisa/script IA/Fighter.cs
  artifactKey: Guid(abba2ade615bec3438ee5d4b0d83a58d) Importer(815301076,1909f56bfc062723c751e8b465ee728b)
Start importing Assets/Lisa/scriptsLisa/script IA/Fighter.cs using Guid(abba2ade615bec3438ee5d4b0d83a58d) Importer(815301076,1909f56bfc062723c751e8b465ee728b)  -> (artifact id: 'ab14026efc527ab947144a56d6964732') in 0.006869 seconds 
  Import took 0.011433 seconds .

========================================================================
Received Import Request.
  Time since last request: 0.081870 seconds.
  path: Assets/Othmane/Tiles Othmane/Abys_outside/Abys_overworld_160.asset
  artifactKey: Guid(16c310937e694004c80ade3bbd2543a2) Importer(815301076,1909f56bfc062723c751e8b465ee728b)
Start importing Assets/Othmane/Tiles Othmane/Abys_outside/Abys_overworld_160.asset using Guid(16c310937e694004c80ade3bbd2543a2) Importer(815301076,1909f56bfc062723c751e8b465ee728b)  -> (artifact id: 'a678aaae5144d2e1caa93cc3a6ab818a') in 0.017761 seconds 
  Import took 0.022492 seconds .

========================================================================
Received Import Request.
  Time since last request: 0.076430 seconds.
  path: Assets/Othmane/Tiles Othmane/Abys_outside/Abys_overworld_5.asset
  artifactKey: Guid(2b4dced5bf91514429d19f79d33491db) Importer(815301076,1909f56bfc062723c751e8b465ee728b)
Start importing Assets/Othmane/Tiles Othmane/Abys_outside/Abys_overworld_5.asset using Guid(2b4dced5bf91514429d19f79d33491db) Importer(815301076,1909f56bfc062723c751e8b465ee728b)  -> (artifact id: '0cf2e24bd518b32ee4dd515193110763') in 0.019187 seconds 
  Import took 0.023999 seconds .

========================================================================
Received Import Request.
  Time since last request: 0.091496 seconds.
  path: Assets/Othmane/Tiles Othmane/Abys_outside/Abys_overworld_201.asset
  artifactKey: Guid(0703bf2f4ebb42f469f3ecf2e259643c) Importer(815301076,1909f56bfc062723c751e8b465ee728b)
Start importing Assets/Othmane/Tiles Othmane/Abys_outside/Abys_overworld_201.asset using Guid(0703bf2f4ebb42f469f3ecf2e259643c) Importer(815301076,1909f56bfc062723c751e8b465ee728b)  -> (artifact id: '131b8ad4bafb77b3053e34eef9eb821a') in 0.020852 seconds 
  Import took 0.026662 seconds .

========================================================================
Received Import Request.
  Time since last request: 0.009203 seconds.
  path: Assets/Othmane/Tiles Othmane/Abys_outside/Abys_overworld_139.asset
  artifactKey: Guid(c6d75e3e5dd4e8c43a8404f8ee9472fc) Importer(815301076,1909f56bfc062723c751e8b465ee728b)
Start importing Assets/Othmane/Tiles Othmane/Abys_outside/Abys_overworld_139.asset using Guid(c6d75e3e5dd4e8c43a8404f8ee9472fc) Importer(815301076,1909f56bfc062723c751e8b465ee728b)  -> (artifact id: 'd5fcc47ad36ac64526d89d13475fdb87') in 0.020224 seconds 
  Import took 0.028913 seconds .

========================================================================
Received Import Request.
  Time since last request: 0.513703 seconds.
  path: Assets/Othmane/Tiles Othmane/Abys_outside/Abys_overworld_3.asset
  artifactKey: Guid(3725275fae972b548bb3768d8947d6f9) Importer(815301076,1909f56bfc062723c751e8b465ee728b)
Start importing Assets/Othmane/Tiles Othmane/Abys_outside/Abys_overworld_3.asset using Guid(3725275fae972b548bb3768d8947d6f9) Importer(815301076,1909f56bfc062723c751e8b465ee728b)  -> (artifact id: '04a9ea02ee5a8ed973adb2ad09206bb1') in 0.017470 seconds 
  Import took 0.022464 seconds .

========================================================================
Received Import Request.
  Time since last request: 0.166475 seconds.
  path: Assets/Othmane/Tiles Othmane/Abys_outside/Abys_overworld_44.asset
  artifactKey: Guid(d73699a4114857849afe5d2971a77ca8) Importer(815301076,1909f56bfc062723c751e8b465ee728b)
Start importing Assets/Othmane/Tiles Othmane/Abys_outside/Abys_overworld_44.asset using Guid(d73699a4114857849afe5d2971a77ca8) Importer(815301076,1909f56bfc062723c751e8b465ee728b)  -> (artifact id: '0ffae9051925d550424e3a27b310eea3') in 0.018880 seconds 
  Import took 0.023694 seconds .

========================================================================
Received Import Request.
  Time since last request: 0.090618 seconds.
  path: Assets/Othmane/Tiles Othmane/Abys_outside/Abys_overworld_194.asset
  artifactKey: Guid(7977e2e5753657546a21aaf7b970dc57) Importer(815301076,1909f56bfc062723c751e8b465ee728b)
Start importing Assets/Othmane/Tiles Othmane/Abys_outside/Abys_overworld_194.asset using Guid(7977e2e5753657546a21aaf7b970dc57) Importer(815301076,1909f56bfc062723c751e8b465ee728b)  -> (artifact id: '97c3e49ddddb5313437e711d5e3e9be4') in 0.017971 seconds 
  Import took 0.022771 seconds .

========================================================================
Received Import Request.
  Time since last request: 0.106983 seconds.
  path: Assets/Othmane/Tiles Othmane/Abys_outside/Abys_overworld_11.asset
  artifactKey: Guid(7905cdaffd47e5642a7c39d621e1e578) Importer(815301076,1909f56bfc062723c751e8b465ee728b)
Start importing Assets/Othmane/Tiles Othmane/Abys_outside/Abys_overworld_11.asset using Guid(7905cdaffd47e5642a7c39d621e1e578) Importer(815301076,1909f56bfc062723c751e8b465ee728b)  -> (artifact id: '7276f508a46cffdcd19a7a09748da5a7') in 0.017350 seconds 
  Import took 0.021997 seconds .

========================================================================
Received Import Request.
  Time since last request: 0.009321 seconds.
  path: Assets/Othmane/Tiles Othmane/Abys_outside/Abys_overworld_354.asset
  artifactKey: Guid(28d4f17df1ed3f5468cf0e5aea14a753) Importer(815301076,1909f56bfc062723c751e8b465ee728b)
Start importing Assets/Othmane/Tiles Othmane/Abys_outside/Abys_overworld_354.asset using Guid(28d4f17df1ed3f5468cf0e5aea14a753) Importer(815301076,1909f56bfc062723c751e8b465ee728b)  -> (artifact id: '2b72710fe436df90a6a10d6b4c758e2f') in 0.029354 seconds 
  Import took 0.034030 seconds .

========================================================================
Received Import Request.
  Time since last request: 0.104214 seconds.
  path: Assets/Othmane/Tiles Othmane/Abys_outside/Abys_overworld_597.asset
  artifactKey: Guid(0434a47f5407f254fac765f45ab40cc9) Importer(815301076,1909f56bfc062723c751e8b465ee728b)
Start importing Assets/Othmane/Tiles Othmane/Abys_outside/Abys_overworld_597.asset using Guid(0434a47f5407f254fac765f45ab40cc9) Importer(815301076,1909f56bfc062723c751e8b465ee728b)  -> (artifact id: 'eaf0017c33b047e35c9df0bdd5d98ca7') in 0.018055 seconds 
  Import took 0.022728 seconds .

========================================================================
Received Import Request.
  Time since last request: 0.297413 seconds.
  path: Assets/Othmane/Tiles Othmane/Abys_outside/Abys_overworld_12.asset
  artifactKey: Guid(8bba2f765e25c0e4c8e761e5845cdfda) Importer(815301076,1909f56bfc062723c751e8b465ee728b)
Start importing Assets/Othmane/Tiles Othmane/Abys_outside/Abys_overworld_12.asset using Guid(8bba2f765e25c0e4c8e761e5845cdfda) Importer(815301076,1909f56bfc062723c751e8b465ee728b)  -> (artifact id: '4d17bb4c3b3e6f70e7e2d56b18967e99') in 0.020808 seconds 
  Import took 0.026477 seconds .

========================================================================
Received Import Request.
  Time since last request: 0.156359 seconds.
  path: Assets/Othmane/Tiles Othmane/Abys_outside/Abys_overworld_105.asset
  artifactKey: Guid(ee05b8b985e3b194980d51e3265c1623) Importer(815301076,1909f56bfc062723c751e8b465ee728b)
Start importing Assets/Othmane/Tiles Othmane/Abys_outside/Abys_overworld_105.asset using Guid(ee05b8b985e3b194980d51e3265c1623) Importer(815301076,1909f56bfc062723c751e8b465ee728b)  -> (artifact id: '54c0d511bbc00de14324e8f6cd9c410e') in 0.020322 seconds 
  Import took 0.025108 seconds .

========================================================================
Received Import Request.
  Time since last request: 0.168627 seconds.
  path: Assets/Scenes/MainGame.unity
  artifactKey: Guid(cbb6064f3843227429faf836a9a325b2) Importer(815301076,1909f56bfc062723c751e8b465ee728b)
Start importing Assets/Scenes/MainGame.unity using Guid(cbb6064f3843227429faf836a9a325b2) Importer(815301076,1909f56bfc062723c751e8b465ee728b)  -> (artifact id: '8cf5300a448a0184c588c731003e2b81') in 0.009091 seconds 
  Import took 0.015212 seconds .

========================================================================
Received Import Request.
  Time since last request: 0.074099 seconds.
  path: Assets/Lisa/scriptsLisa/script IA/IADeplacements.cs
  artifactKey: Guid(c13007d98fabfc44d974e5174c6dfa50) Importer(815301076,1909f56bfc062723c751e8b465ee728b)
Start importing Assets/Lisa/scriptsLisa/script IA/IADeplacements.cs using Guid(c13007d98fabfc44d974e5174c6dfa50) Importer(815301076,1909f56bfc062723c751e8b465ee728b)  -> (artifact id: 'a374a4498106cffa930e22de6e1503ac') in 0.007561 seconds 
  Import took 0.012526 seconds .

========================================================================
Received Import Request.
  Time since last request: 0.021919 seconds.
  path: Assets/Lisa/scriptsLisa/script NPC/DialogueBox_open.anim
  artifactKey: Guid(7a98ebda0144d0c43b6c68e2cc1d07fd) Importer(815301076,1909f56bfc062723c751e8b465ee728b)
Start importing Assets/Lisa/scriptsLisa/script NPC/DialogueBox_open.anim using Guid(7a98ebda0144d0c43b6c68e2cc1d07fd) Importer(815301076,1909f56bfc062723c751e8b465ee728b)  -> (artifact id: 'c62eccd9384a1a1809b487493b56e320') in 0.006923 seconds 
  Import took 0.011750 seconds .

========================================================================
Received Import Request.
  Time since last request: 0.010771 seconds.
  path: Assets/Othmane/Tiles Othmane/Abys_outside/Abys_overworld_607.asset
  artifactKey: Guid(5eee5b50e5169f94dba1246963d52096) Importer(815301076,1909f56bfc062723c751e8b465ee728b)
Start importing Assets/Othmane/Tiles Othmane/Abys_outside/Abys_overworld_607.asset using Guid(5eee5b50e5169f94dba1246963d52096) Importer(815301076,1909f56bfc062723c751e8b465ee728b)  -> (artifact id: 'fde98e6206451365e410fe364c80466c') in 0.017438 seconds 
  Import took 0.022245 seconds .

========================================================================
Received Import Request.
  Time since last request: 0.009407 seconds.
  path: Assets/Othmane/Tiles Othmane/Abys_outside/Abys_overworld_355.asset
  artifactKey: Guid(93edfedb3a83ab44c99e9332b00593df) Importer(815301076,1909f56bfc062723c751e8b465ee728b)
Start importing Assets/Othmane/Tiles Othmane/Abys_outside/Abys_overworld_355.asset using Guid(93edfedb3a83ab44c99e9332b00593df) Importer(815301076,1909f56bfc062723c751e8b465ee728b)  -> (artifact id: '626f307325bd36291858d07b5bfa518f') in 0.030641 seconds 
  Import took 0.035456 seconds .

========================================================================
Received Import Request.
  Time since last request: 0.152726 seconds.
  path: Assets/Othmane/Tiles Othmane/Abys_outside/Abys_overworld_49.asset
  artifactKey: Guid(1f0a9f03d9d67404d97b3072aaa1fcb4) Importer(815301076,1909f56bfc062723c751e8b465ee728b)
Start importing Assets/Othmane/Tiles Othmane/Abys_outside/Abys_overworld_49.asset using Guid(1f0a9f03d9d67404d97b3072aaa1fcb4) Importer(815301076,1909f56bfc062723c751e8b465ee728b)  -> (artifact id: 'f8a3cb6fc5c2d59b057b94c5db4831cf') in 0.018392 seconds 
  Import took 0.024271 seconds .

========================================================================
Received Import Request.
  Time since last request: 0.123300 seconds.
  path: Assets/Othmane/Tiles Othmane/Abys_outside/Abys_overworld_574.asset
  artifactKey: Guid(143badb74c458fd47b02e503c6c04be3) Importer(815301076,1909f56bfc062723c751e8b465ee728b)
Start importing Assets/Othmane/Tiles Othmane/Abys_outside/Abys_overworld_574.asset using Guid(143badb74c458fd47b02e503c6c04be3) Importer(815301076,1909f56bfc062723c751e8b465ee728b)  -> (artifact id: '54b8ec929284150f84e9b9a883162a6f') in 0.017658 seconds 
  Import took 0.022473 seconds .

========================================================================
Received Import Request.
  Time since last request: 0.074650 seconds.
  path: Assets/Othmane/Tiles Othmane/Abys_outside/Abys_overworld_298.asset
  artifactKey: Guid(5a7ae70a449956c43b549e67f18fcfbd) Importer(815301076,1909f56bfc062723c751e8b465ee728b)
Start importing Assets/Othmane/Tiles Othmane/Abys_outside/Abys_overworld_298.asset using Guid(5a7ae70a449956c43b549e67f18fcfbd) Importer(815301076,1909f56bfc062723c751e8b465ee728b)  -> (artifact id: '8766e989fc9d2f002bfcc7924f51391a') in 0.017809 seconds 
  Import took 0.022416 seconds .

========================================================================
Received Import Request.
  Time since last request: 0.088213 seconds.
  path: Assets/Othmane/Tiles Othmane/Abys_outside/Abys_overworld_598.asset
  artifactKey: Guid(31fd2cb1e7e39334b85cf701fe9b4ad9) Importer(815301076,1909f56bfc062723c751e8b465ee728b)
Start importing Assets/Othmane/Tiles Othmane/Abys_outside/Abys_overworld_598.asset using Guid(31fd2cb1e7e39334b85cf701fe9b4ad9) Importer(815301076,1909f56bfc062723c751e8b465ee728b)  -> (artifact id: '420cab08fba50efe4f2a2a57af0af57a') in 0.036780 seconds 
  Import took 0.041453 seconds .

========================================================================
Received Import Request.
  Time since last request: 0.546711 seconds.
  path: Assets/Othmane/Tiles Othmane/Abys_outside/Abys_overworld_292.asset
  artifactKey: Guid(bc7283842832bc14ab0462ad70d6ec59) Importer(815301076,1909f56bfc062723c751e8b465ee728b)
Start importing Assets/Othmane/Tiles Othmane/Abys_outside/Abys_overworld_292.asset using Guid(bc7283842832bc14ab0462ad70d6ec59) Importer(815301076,1909f56bfc062723c751e8b465ee728b)  -> (artifact id: '4d96ae79bbb7e26d55a6389cada7fcd5') in 0.016448 seconds 
  Import took 0.021178 seconds .

========================================================================
Received Import Request.
  Time since last request: 0.242962 seconds.
  path: Assets/Othmane/Tiles Othmane/Abys_outside/Abys_overworld_94.asset
  artifactKey: Guid(72fac5c41046bb04b8b0e64146595cef) Importer(815301076,1909f56bfc062723c751e8b465ee728b)
Start importing Assets/Othmane/Tiles Othmane/Abys_outside/Abys_overworld_94.asset using Guid(72fac5c41046bb04b8b0e64146595cef) Importer(815301076,1909f56bfc062723c751e8b465ee728b)  -> (artifact id: 'b011061ddc6d8104a39afddbf5809499') in 0.017457 seconds 
  Import took 0.022384 seconds .

========================================================================
Received Import Request.
  Time since last request: 0.418336 seconds.
  path: Assets/Othmane/Tiles Othmane/Abys_outside/Abys_overworld_410.asset
  artifactKey: Guid(e96373f6c0ae1d442821dd55c146a116) Importer(815301076,1909f56bfc062723c751e8b465ee728b)
Start importing Assets/Othmane/Tiles Othmane/Abys_outside/Abys_overworld_410.asset using Guid(e96373f6c0ae1d442821dd55c146a116) Importer(815301076,1909f56bfc062723c751e8b465ee728b)  -> (artifact id: 'd0acf337a1bd9e77937900c25b1f08b5') in 0.017523 seconds 
  Import took 0.022919 seconds .

========================================================================
Received Import Request.
  Time since last request: 0.053099 seconds.
  path: Assets/Othmane/Spritesheet Othmane/Bull_sprite.png
  artifactKey: Guid(897eec6215a82d547ab3fb99c5937dbf) Importer(815301076,1909f56bfc062723c751e8b465ee728b)
Start importing Assets/Othmane/Spritesheet Othmane/Bull_sprite.png using Guid(897eec6215a82d547ab3fb99c5937dbf) Importer(815301076,1909f56bfc062723c751e8b465ee728b)  -> (artifact id: 'e2c6c4e2f011e932287548c8f976f145') in 0.088526 seconds 
  Import took 0.093267 seconds .

========================================================================
Received Import Request.
  Time since last request: 0.046003 seconds.
  path: Assets/Othmane/Tiles Othmane/Abys_outside/Abys_overworld_613.asset
  artifactKey: Guid(361b35aff04276f4a9eaabcedeca1b67) Importer(815301076,1909f56bfc062723c751e8b465ee728b)
Start importing Assets/Othmane/Tiles Othmane/Abys_outside/Abys_overworld_613.asset using Guid(361b35aff04276f4a9eaabcedeca1b67) Importer(815301076,1909f56bfc062723c751e8b465ee728b)  -> (artifact id: '71a187df2e214b6d612266e4dd0ae861') in 0.017275 seconds 
  Import took 0.022001 seconds .

========================================================================
Received Import Request.
  Time since last request: 0.042468 seconds.
  path: Assets/Othmane/Tiles Othmane/Abys_outside/Abys_overworld_228.asset
  artifactKey: Guid(368705ee79f41e341ab919fcb5ea82d0) Importer(815301076,1909f56bfc062723c751e8b465ee728b)
Start importing Assets/Othmane/Tiles Othmane/Abys_outside/Abys_overworld_228.asset using Guid(368705ee79f41e341ab919fcb5ea82d0) Importer(815301076,1909f56bfc062723c751e8b465ee728b)  -> (artifact id: '2393887c38605c66355caee1793e4d9c') in 0.020314 seconds 
  Import took 0.025787 seconds .

========================================================================
Received Import Request.
  Time since last request: 0.095888 seconds.
  path: Assets/Othmane/Tiles Othmane/Abys_outside/Abys_overworld_200.asset
  artifactKey: Guid(c221d9c3536bf204d8cc0a54a75b7191) Importer(815301076,1909f56bfc062723c751e8b465ee728b)
Start importing Assets/Othmane/Tiles Othmane/Abys_outside/Abys_overworld_200.asset using Guid(c221d9c3536bf204d8cc0a54a75b7191) Importer(815301076,1909f56bfc062723c751e8b465ee728b)  -> (artifact id: '588c6fccbb91dfe1dae959cac94ba8da') in 0.021663 seconds 
  Import took 0.026255 seconds .

========================================================================
Received Import Request.
  Time since last request: 0.069293 seconds.
  path: Assets/Othmane/Tiles Othmane/Abys_outside/Abys_overworld_264.asset
  artifactKey: Guid(aa8dad4137080e5428b7f308d333e874) Importer(815301076,1909f56bfc062723c751e8b465ee728b)
Start importing Assets/Othmane/Tiles Othmane/Abys_outside/Abys_overworld_264.asset using Guid(aa8dad4137080e5428b7f308d333e874) Importer(815301076,1909f56bfc062723c751e8b465ee728b)  -> (artifact id: '463cd9a6a2b6cc2f872ef3a02f713b66') in 0.017789 seconds 
  Import took 0.023453 seconds .

========================================================================
Received Import Request.
  Time since last request: 0.164585 seconds.
  path: Assets/Othmane/Tiles Othmane/Abys_outside/Abys_overworld_158.asset
  artifactKey: Guid(969ef35d9b5ebe54c8812bace8728907) Importer(815301076,1909f56bfc062723c751e8b465ee728b)
Start importing Assets/Othmane/Tiles Othmane/Abys_outside/Abys_overworld_158.asset using Guid(969ef35d9b5ebe54c8812bace8728907) Importer(815301076,1909f56bfc062723c751e8b465ee728b)  -> (artifact id: '6c8fb914903ae3c9f09bc3ef05e25d8d') in 0.017013 seconds 
  Import took 0.021780 seconds .

========================================================================
Received Import Request.
  Time since last request: 0.052107 seconds.
  path: Assets/Othmane/Tiles Othmane/Abys_outside/Abys_overworld_527.asset
  artifactKey: Guid(e04e4fc4d29cacf498b0b00f274d1c1f) Importer(815301076,1909f56bfc062723c751e8b465ee728b)
Start importing Assets/Othmane/Tiles Othmane/Abys_outside/Abys_overworld_527.asset using Guid(e04e4fc4d29cacf498b0b00f274d1c1f) Importer(815301076,1909f56bfc062723c751e8b465ee728b)  -> (artifact id: '4e4a7968711dc7d6d9a1b84c0b4adff1') in 0.017289 seconds 
  Import took 0.022342 seconds .

========================================================================
Received Import Request.
  Time since last request: 0.009209 seconds.
  path: Assets/Lisa/scriptsLisa/script IA/Damage.cs
  artifactKey: Guid(c840f096b6e4bea4782cfa696ee0cea8) Importer(815301076,1909f56bfc062723c751e8b465ee728b)
Start importing Assets/Lisa/scriptsLisa/script IA/Damage.cs using Guid(c840f096b6e4bea4782cfa696ee0cea8) Importer(815301076,1909f56bfc062723c751e8b465ee728b)  -> (artifact id: '595887204e5241492644f02a700107fa') in 0.006411 seconds 
  Import took 0.011304 seconds .

========================================================================
Received Import Request.
  Time since last request: 0.092046 seconds.
  path: Assets/Othmane/Tiles Othmane/Abys_outside/Abys_overworld_604.asset
  artifactKey: Guid(6705ccb47aca9024e956d87588d0e3f6) Importer(815301076,1909f56bfc062723c751e8b465ee728b)
Start importing Assets/Othmane/Tiles Othmane/Abys_outside/Abys_overworld_604.asset using Guid(6705ccb47aca9024e956d87588d0e3f6) Importer(815301076,1909f56bfc062723c751e8b465ee728b)  -> (artifact id: '683f290520240d6622b12011a848b4e3') in 0.017289 seconds 
  Import took 0.022188 seconds .

========================================================================
Received Import Request.
  Time since last request: 0.075181 seconds.
  path: Assets/Othmane/Tiles Othmane/Abys_outside/Abys_overworld_581.asset
  artifactKey: Guid(b4db52bd3a8278f4ba511eb274b95f20) Importer(815301076,1909f56bfc062723c751e8b465ee728b)
Start importing Assets/Othmane/Tiles Othmane/Abys_outside/Abys_overworld_581.asset using Guid(b4db52bd3a8278f4ba511eb274b95f20) Importer(815301076,1909f56bfc062723c751e8b465ee728b)  -> (artifact id: 'e048a9881dc975b527b18a6276d25548') in 0.017412 seconds 
  Import took 0.022229 seconds .

========================================================================
Received Import Request.
  Time since last request: 0.290152 seconds.
  path: Assets/Othmane/Tiles Othmane/Abys_outside/Abys_overworld_69.asset
  artifactKey: Guid(5c6f272aa75766945ad4420f53d8133c) Importer(815301076,1909f56bfc062723c751e8b465ee728b)
Start importing Assets/Othmane/Tiles Othmane/Abys_outside/Abys_overworld_69.asset using Guid(5c6f272aa75766945ad4420f53d8133c) Importer(815301076,1909f56bfc062723c751e8b465ee728b)  -> (artifact id: '9826d2c0f37b793c7d20cd154f0d8f3d') in 0.018638 seconds 
  Import took 0.023779 seconds .

========================================================================
Received Import Request.
  Time since last request: 0.147415 seconds.
  path: Assets/Othmane/Tiles Othmane/Abys_outside/Abys_overworld_195.asset
  artifactKey: Guid(f387427574c536640986bca40aa7f975) Importer(815301076,1909f56bfc062723c751e8b465ee728b)
Start importing Assets/Othmane/Tiles Othmane/Abys_outside/Abys_overworld_195.asset using Guid(f387427574c536640986bca40aa7f975) Importer(815301076,1909f56bfc062723c751e8b465ee728b)  -> (artifact id: 'ffa01ea9b34e23efb5fabb13c8ae23f5') in 0.016806 seconds 
  Import took 0.021535 seconds .

========================================================================
Received Import Request.
  Time since last request: 0.358690 seconds.
  path: Assets/Othmane/Tiles Othmane/Abys_outside/Abys_overworld_384.asset
  artifactKey: Guid(73c48d01918978844a53a1cb28a76529) Importer(815301076,1909f56bfc062723c751e8b465ee728b)
Start importing Assets/Othmane/Tiles Othmane/Abys_outside/Abys_overworld_384.asset using Guid(73c48d01918978844a53a1cb28a76529) Importer(815301076,1909f56bfc062723c751e8b465ee728b)  -> (artifact id: '9ff6ba409f6ffc4a335486ebe5d2fd4e') in 0.028162 seconds 
  Import took 0.033663 seconds .

========================================================================
Received Import Request.
  Time since last request: 0.301425 seconds.
  path: Assets/Lisa/scriptsLisa/script NPC/NpcNav.cs
  artifactKey: Guid(9c90182eec3a1e241a3dffe4239b80dd) Importer(815301076,1909f56bfc062723c751e8b465ee728b)
Start importing Assets/Lisa/scriptsLisa/script NPC/NpcNav.cs using Guid(9c90182eec3a1e241a3dffe4239b80dd) Importer(815301076,1909f56bfc062723c751e8b465ee728b)  -> (artifact id: 'd81eb3fa2600734565d8b272a9a13c92') in 0.006902 seconds 
  Import took 0.011525 seconds .

========================================================================
Received Import Request.
  Time since last request: 0.074434 seconds.
  path: Assets/Othmane/Tiles Othmane/Abys_outside/Abys_overworld_233.asset
  artifactKey: Guid(f94fe00a3dbe50e499c2e9a1b97b203f) Importer(815301076,1909f56bfc062723c751e8b465ee728b)
Start importing Assets/Othmane/Tiles Othmane/Abys_outside/Abys_overworld_233.asset using Guid(f94fe00a3dbe50e499c2e9a1b97b203f) Importer(815301076,1909f56bfc062723c751e8b465ee728b)  -> (artifact id: 'a3a5f365da25626c98b5a27ddebe5685') in 0.017439 seconds 
  Import took 0.022215 seconds .

========================================================================
Received Import Request.
  Time since last request: 0.312607 seconds.
  path: Assets/Othmane/Tiles Othmane/Abys_outside/Abys_overworld_575.asset
  artifactKey: Guid(5641fc0837c0c2141b546be60e0a6414) Importer(815301076,1909f56bfc062723c751e8b465ee728b)
Start importing Assets/Othmane/Tiles Othmane/Abys_outside/Abys_overworld_575.asset using Guid(5641fc0837c0c2141b546be60e0a6414) Importer(815301076,1909f56bfc062723c751e8b465ee728b)  -> (artifact id: '19a791c31c2c27a89542bb160699192d') in 0.024011 seconds 
  Import took 0.028775 seconds .

========================================================================
Received Import Request.
  Time since last request: 0.009445 seconds.
  path: Assets/Othmane/Tiles Othmane/Abys_outside/Abys_overworld_95.asset
  artifactKey: Guid(0a2d54b4390f435459c416553bce7a05) Importer(815301076,1909f56bfc062723c751e8b465ee728b)
Start importing Assets/Othmane/Tiles Othmane/Abys_outside/Abys_overworld_95.asset using Guid(0a2d54b4390f435459c416553bce7a05) Importer(815301076,1909f56bfc062723c751e8b465ee728b)  -> (artifact id: '9a3879dd07ffd4d49d8401a7a559123f') in 0.018162 seconds 
  Import took 0.022811 seconds .

========================================================================
Received Import Request.
  Time since last request: 0.120453 seconds.
  path: Assets/Othmane/Tiles Othmane/Abys_outside/Abys_overworld_128.asset
  artifactKey: Guid(762be4591ed5bb74a89b345f6c1d308b) Importer(815301076,1909f56bfc062723c751e8b465ee728b)
Start importing Assets/Othmane/Tiles Othmane/Abys_outside/Abys_overworld_128.asset using Guid(762be4591ed5bb74a89b345f6c1d308b) Importer(815301076,1909f56bfc062723c751e8b465ee728b)  -> (artifact id: '6f5abd2ca73d13b7a1712b81f84cfcdc') in 0.018477 seconds 
  Import took 0.023630 seconds .

========================================================================
Received Import Request.
  Time since last request: 0.009555 seconds.
  path: Assets/Othmane/Tiles Othmane/Abys_outside/Abys_overworld_582.asset
  artifactKey: Guid(62df12a7c4bf84042a69ee9554dde9fa) Importer(815301076,1909f56bfc062723c751e8b465ee728b)
Start importing Assets/Othmane/Tiles Othmane/Abys_outside/Abys_overworld_582.asset using Guid(62df12a7c4bf84042a69ee9554dde9fa) Importer(815301076,1909f56bfc062723c751e8b465ee728b)  -> (artifact id: 'd0e2c4d8bf778d1096cd19d5a8ad18b3') in 0.017607 seconds 
  Import took 0.022715 seconds .

========================================================================
Received Import Request.
  Time since last request: 0.008684 seconds.
  path: Assets/Othmane/Tiles Othmane/Abys_outside/Abys_overworld_196.asset
  artifactKey: Guid(5b77d0b562243f74da2ff554cee5dcb3) Importer(815301076,1909f56bfc062723c751e8b465ee728b)
Start importing Assets/Othmane/Tiles Othmane/Abys_outside/Abys_overworld_196.asset using Guid(5b77d0b562243f74da2ff554cee5dcb3) Importer(815301076,1909f56bfc062723c751e8b465ee728b)  -> (artifact id: '5407d0806ea0411082051529e5111a5d') in 0.016942 seconds 
  Import took 0.021808 seconds .

========================================================================
Received Import Request.
  Time since last request: 0.021859 seconds.
  path: Assets/Othmane/Tiles Othmane/Abys_outside/Abys_overworld_129.asset
  artifactKey: Guid(7687bf56ee905d84d9479851c78906a0) Importer(815301076,1909f56bfc062723c751e8b465ee728b)
Start importing Assets/Othmane/Tiles Othmane/Abys_outside/Abys_overworld_129.asset using Guid(7687bf56ee905d84d9479851c78906a0) Importer(815301076,1909f56bfc062723c751e8b465ee728b)  -> (artifact id: '348b6be190d360815cefdca05ccf1786') in 0.018201 seconds 
  Import took 0.023057 seconds .

========================================================================
Received Import Request.
  Time since last request: 0.213827 seconds.
  path: Assets/Lisa/scriptsLisa/script IA/Weapon.cs
  artifactKey: Guid(5230ad9aabe44794d8dec2a68aaedd55) Importer(815301076,1909f56bfc062723c751e8b465ee728b)
Start importing Assets/Lisa/scriptsLisa/script IA/Weapon.cs using Guid(5230ad9aabe44794d8dec2a68aaedd55) Importer(815301076,1909f56bfc062723c751e8b465ee728b)  -> (artifact id: 'fdfca33c2e135fbdb16c14b03ddff71b') in 0.007628 seconds 
  Import took 0.012100 seconds .

========================================================================
Received Import Request.
  Time since last request: 0.346979 seconds.
  path: Assets/Othmane/Tiles Othmane/Abys_outside/Abys_overworld_159.asset
  artifactKey: Guid(e13adca457999cc4792088062a9faf9c) Importer(815301076,1909f56bfc062723c751e8b465ee728b)
Start importing Assets/Othmane/Tiles Othmane/Abys_outside/Abys_overworld_159.asset using Guid(e13adca457999cc4792088062a9faf9c) Importer(815301076,1909f56bfc062723c751e8b465ee728b)  -> (artifact id: '4ad2e0f304a381842f667e30d49b56e0') in 0.017353 seconds 
  Import took 0.022389 seconds .

========================================================================
Received Import Request.
  Time since last request: 0.171528 seconds.
  path: Assets/Lisa/scriptsLisa/HealthBarAlice.cs
  artifactKey: Guid(9fa53a918b7284f40b297d5b965cefff) Importer(815301076,1909f56bfc062723c751e8b465ee728b)
Start importing Assets/Lisa/scriptsLisa/HealthBarAlice.cs using Guid(9fa53a918b7284f40b297d5b965cefff) Importer(815301076,1909f56bfc062723c751e8b465ee728b)  -> (artifact id: '0a7eca1a15a8c1a008f8518fcbf299a8') in 0.006741 seconds 
  Import took 0.011306 seconds .

========================================================================
Received Import Request.
  Time since last request: 0.100263 seconds.
  path: Assets/Lisa/scriptsLisa/script NPC/Dialogue.cs
  artifactKey: Guid(3fae1f5c7911b3b4bbbf19b442331b96) Importer(815301076,1909f56bfc062723c751e8b465ee728b)
Start importing Assets/Lisa/scriptsLisa/script NPC/Dialogue.cs using Guid(3fae1f5c7911b3b4bbbf19b442331b96) Importer(815301076,1909f56bfc062723c751e8b465ee728b)  -> (artifact id: '3c7d04cfb375736304f64a569b5b0374') in 0.006631 seconds 
  Import took 0.011709 seconds .

========================================================================
Received Import Request.
  Time since last request: 0.046597 seconds.
  path: Assets/Othmane/Tiles Othmane/Abys_outside/Abys_overworld_62.asset
  artifactKey: Guid(37c2ea65187b32d438cf63b3a0992e93) Importer(815301076,1909f56bfc062723c751e8b465ee728b)
Start importing Assets/Othmane/Tiles Othmane/Abys_outside/Abys_overworld_62.asset using Guid(37c2ea65187b32d438cf63b3a0992e93) Importer(815301076,1909f56bfc062723c751e8b465ee728b)  -> (artifact id: 'b6570c698f90d5ff52f9f152c489ae0a') in 0.018545 seconds 
  Import took 0.023360 seconds .

========================================================================
Received Import Request.
  Time since last request: 0.184246 seconds.
  path: Assets/Othmane/Tiles Othmane/Abys_outside/Abys_overworld_550.asset
  artifactKey: Guid(3e71ed20e633b874a84edbd44d68ca3f) Importer(815301076,1909f56bfc062723c751e8b465ee728b)
Start importing Assets/Othmane/Tiles Othmane/Abys_outside/Abys_overworld_550.asset using Guid(3e71ed20e633b874a84edbd44d68ca3f) Importer(815301076,1909f56bfc062723c751e8b465ee728b)  -> (artifact id: '01a7e206c2e88b45c26c48bbbdefbe2f') in 0.020017 seconds 
  Import took 0.025633 seconds .

========================================================================
Received Import Request.
  Time since last request: 0.027831 seconds.
  path: Assets/Othmane/Tiles Othmane/Abys_outside/Abys_overworld_603.asset
  artifactKey: Guid(fdb83f3212f6ccd42b38242ad60d6d99) Importer(815301076,1909f56bfc062723c751e8b465ee728b)
Start importing Assets/Othmane/Tiles Othmane/Abys_outside/Abys_overworld_603.asset using Guid(fdb83f3212f6ccd42b38242ad60d6d99) Importer(815301076,1909f56bfc062723c751e8b465ee728b)  -> (artifact id: 'e9de164d1638491225e6736718967c31') in 0.019279 seconds 
  Import took 0.024440 seconds .

========================================================================
Received Import Request.
  Time since last request: 0.047291 seconds.
  path: Assets/Othmane/Spritesheet Othmane/Chicken_sprite.png
  artifactKey: Guid(6744c5b0de895ea47bd8912f839405a5) Importer(815301076,1909f56bfc062723c751e8b465ee728b)
Start importing Assets/Othmane/Spritesheet Othmane/Chicken_sprite.png using Guid(6744c5b0de895ea47bd8912f839405a5) Importer(815301076,1909f56bfc062723c751e8b465ee728b)  -> (artifact id: '22e320b66237fb66fdddf566afb2a7a0') in 0.083310 seconds 
  Import took 0.088087 seconds .

========================================================================
Received Import Request.
  Time since last request: 0.350973 seconds.
  path: Assets/Lisa/scriptsLisa/script NPC/DialogueMana.cs
  artifactKey: Guid(8c2b9c261619a4d45bd1bc424e7a71f2) Importer(815301076,1909f56bfc062723c751e8b465ee728b)
Start importing Assets/Lisa/scriptsLisa/script NPC/DialogueMana.cs using Guid(8c2b9c261619a4d45bd1bc424e7a71f2) Importer(815301076,1909f56bfc062723c751e8b465ee728b)  -> (artifact id: '95c4e5b7076484f9df4be687475a51fa') in 0.007118 seconds 
  Import took 0.011584 seconds .

========================================================================
Received Import Request.
  Time since last request: 0.120169 seconds.
  path: Assets/Othmane/Tiles Othmane/Abys_outside/Abys_overworld_612.asset
  artifactKey: Guid(b683610cdd8c3bf4c9aec93ee9340018) Importer(815301076,1909f56bfc062723c751e8b465ee728b)
Start importing Assets/Othmane/Tiles Othmane/Abys_outside/Abys_overworld_612.asset using Guid(b683610cdd8c3bf4c9aec93ee9340018) Importer(815301076,1909f56bfc062723c751e8b465ee728b)  -> (artifact id: '3047375391e9a9c97ad6b49aaacb983d') in 0.018465 seconds 
  Import took 0.023312 seconds .

========================================================================
Received Import Request.
  Time since last request: 0.246433 seconds.
  path: Assets/Othmane/Tiles Othmane/Abys_outside/Abys_overworld_382.asset
  artifactKey: Guid(e2e8e95523e71e74a9620c05fa192dcb) Importer(815301076,1909f56bfc062723c751e8b465ee728b)
Start importing Assets/Othmane/Tiles Othmane/Abys_outside/Abys_overworld_382.asset using Guid(e2e8e95523e71e74a9620c05fa192dcb) Importer(815301076,1909f56bfc062723c751e8b465ee728b)  -> (artifact id: '8c87b46b2ea8200adee340729af4eab6') in 0.017135 seconds 
  Import took 0.022025 seconds .

========================================================================
Received Import Request.
  Time since last request: 0.082569 seconds.
  path: Assets/Othmane/Spritesheet Othmane/Cat_sprite.png
  artifactKey: Guid(98095222bdfc1694ca94dfc2241c1526) Importer(815301076,1909f56bfc062723c751e8b465ee728b)
Start importing Assets/Othmane/Spritesheet Othmane/Cat_sprite.png using Guid(98095222bdfc1694ca94dfc2241c1526) Importer(815301076,1909f56bfc062723c751e8b465ee728b)  -> (artifact id: 'e7a74c64171d360c0ff5d6dd16a043ed') in 0.083481 seconds 
  Import took 0.088503 seconds .

========================================================================
Received Import Request.
  Time since last request: 0.151156 seconds.
  path: Assets/Othmane/Tiles Othmane/Abys_outside/Abys_overworld_294.asset
  artifactKey: Guid(a40aeb038b87f3e49a5ca8d39a972be5) Importer(815301076,1909f56bfc062723c751e8b465ee728b)
Start importing Assets/Othmane/Tiles Othmane/Abys_outside/Abys_overworld_294.asset using Guid(a40aeb038b87f3e49a5ca8d39a972be5) Importer(815301076,1909f56bfc062723c751e8b465ee728b)  -> (artifact id: 'c0f13a3981d8ef59a0f5d4cfa281ddf2') in 0.017851 seconds 
  Import took 0.022513 seconds .

========================================================================
Received Import Request.
  Time since last request: 0.261165 seconds.
  path: Assets/ImportDcor/Prefabs/Character.prefab
  artifactKey: Guid(84535a21e4ab6412690b5fa8acc3908e) Importer(815301076,1909f56bfc062723c751e8b465ee728b)
Start importing Assets/ImportDcor/Prefabs/Character.prefab using Guid(84535a21e4ab6412690b5fa8acc3908e) Importer(815301076,1909f56bfc062723c751e8b465ee728b)  -> (artifact id: 'ec477eefd041883f53a18ae412935579') in 0.018516 seconds 
  Import took 0.024175 seconds .

========================================================================
Received Import Request.
  Time since last request: 0.411310 seconds.
  path: Assets/Othmane/Spritesheet Othmane/Alice_OverworldSprite_3.png
  artifactKey: Guid(b3e116399d73dd4439ebff1ecf58218f) Importer(815301076,1909f56bfc062723c751e8b465ee728b)
Start importing Assets/Othmane/Spritesheet Othmane/Alice_OverworldSprite_3.png using Guid(b3e116399d73dd4439ebff1ecf58218f) Importer(815301076,1909f56bfc062723c751e8b465ee728b)  -> (artifact id: '66f12bd0cc8a1f6e2006af7525359d52') in 0.072445 seconds 
  Import took 0.077771 seconds .

========================================================================
Received Import Request.
  Time since last request: 0.035458 seconds.
  path: Assets/Othmane/Tiles Othmane/Abys_outside/Abys_overworld_51.asset
  artifactKey: Guid(189e3f70c3a71b6498f3a980542427eb) Importer(815301076,1909f56bfc062723c751e8b465ee728b)
Start importing Assets/Othmane/Tiles Othmane/Abys_outside/Abys_overworld_51.asset using Guid(189e3f70c3a71b6498f3a980542427eb) Importer(815301076,1909f56bfc062723c751e8b465ee728b)  -> (artifact id: 'ee2e2789e58609e986b6473b8e931311') in 0.017796 seconds 
  Import took 0.022723 seconds .

========================================================================
Received Import Request.
  Time since last request: 0.193473 seconds.
  path: Assets/Othmane/Tiles Othmane/Abys_outside/Abys_overworld_37.asset
  artifactKey: Guid(279d90225036c4d489be5d95075527b8) Importer(815301076,1909f56bfc062723c751e8b465ee728b)
Start importing Assets/Othmane/Tiles Othmane/Abys_outside/Abys_overworld_37.asset using Guid(279d90225036c4d489be5d95075527b8) Importer(815301076,1909f56bfc062723c751e8b465ee728b)  -> (artifact id: '8f7acc2275df25d86f463b9672a7c268') in 0.018473 seconds 
  Import took 0.023390 seconds .

========================================================================
Received Import Request.
  Time since last request: 0.010010 seconds.
  path: Assets/Othmane/Tiles Othmane/Abys_outside/Abys_overworld_131.asset
  artifactKey: Guid(501bc40e69bf2da4e8c79337888d0460) Importer(815301076,1909f56bfc062723c751e8b465ee728b)
Start importing Assets/Othmane/Tiles Othmane/Abys_outside/Abys_overworld_131.asset using Guid(501bc40e69bf2da4e8c79337888d0460) Importer(815301076,1909f56bfc062723c751e8b465ee728b)  -> (artifact id: '635dc46ea4f8ccb399f040cf043aead5') in 0.017242 seconds 
  Import took 0.022039 seconds .

========================================================================
Received Import Request.
  Time since last request: 0.256420 seconds.
  path: Assets/Othmane/Tiles Othmane/Abys_outside/Abys_overworld_234.asset
  artifactKey: Guid(5960a8dd45f1ef44698bde35ce07de76) Importer(815301076,1909f56bfc062723c751e8b465ee728b)
Start importing Assets/Othmane/Tiles Othmane/Abys_outside/Abys_overworld_234.asset using Guid(5960a8dd45f1ef44698bde35ce07de76) Importer(815301076,1909f56bfc062723c751e8b465ee728b)  -> (artifact id: '9a6cc92220a554a6bad3e437b62e1416') in 0.017991 seconds 
  Import took 0.022812 seconds .

========================================================================
Received Import Request.
  Time since last request: 0.210505 seconds.
  path: Assets/Othmane/Tiles Othmane/Abys_outside/Abys_overworld_18.asset
  artifactKey: Guid(5f511852160b6b64c9156557bd92d96f) Importer(815301076,1909f56bfc062723c751e8b465ee728b)
Start importing Assets/Othmane/Tiles Othmane/Abys_outside/Abys_overworld_18.asset using Guid(5f511852160b6b64c9156557bd92d96f) Importer(815301076,1909f56bfc062723c751e8b465ee728b)  -> (artifact id: 'ad45cf34e7a0dd65cd7d3bd97fc66ffc') in 0.017547 seconds 
  Import took 0.022257 seconds .

AssetImportWorkerClient::OnTransportError - code=2 error=End of file
